TN:
SF:..\index.js
FN:11,customDateConstructor
FNDA:1486,customDateConstructor
FNF:1
FNH:1
BRDA:1,0,0,1
BRDA:11,1,0,1486
BRDA:12,2,0,1485
BRDA:12,3,0,1482
BRDA:12,4,0,1481
BRDA:12,5,0,1474
BRDA:12,6,0,1473
BRDA:12,7,0,1474
BRDA:12,8,0,1473
BRDA:15,9,0,12
BRDA:15,10,0,1474
BRDA:16,11,0,12
BRDA:16,12,0,1474
BRF:13
BRH:13
DA:1,1
DA:2,1
DA:3,1
DA:4,1
DA:5,1
DA:6,1
DA:7,1
DA:8,1
DA:9,1
DA:10,1
DA:11,1486
DA:12,1486
DA:13,1486
DA:14,1486
DA:15,1486
DA:16,1486
DA:17,1486
DA:18,1486
LH:18
LF:18
end_of_record
SF:..\src\extensions.js
FN:16,instanceCreator
FN:19,add
FN:20,between
FN:21,cloneWith
FN:22,daysUntil
FN:23,differenceTo
FN:24,differenceUntil
FN:25,firstWeekday
FN:26,format
FN:27,fullMonth
FN:28,isFuture
FN:29,isPast
FN:30,next
FN:31,offsetFrom
FN:32,previous
FN:33,relocate
FN:34,revalue
FN:35,setDateValues
FN:36,setTimeValues
FN:38,subtract
FN:39,toArray
FN:40,toString
FN:41,values
FN:42,zoneFormat
FN:44,set date
FN:45,set dateNr
FN:46,set hours
FN:47,set localeInfo
FN:48,set milliseconds
FN:49,set minutes
FN:50,set month
FN:51,set seconds
FN:52,set time
FN:53,set year
FN:55,get age
FN:56,get ageFull
FN:57,get clone
FN:58,get date
FN:59,get dateNr
FN:60,get dateTime
FN:61,get dateTimeValues
FN:62,get dateValues
FN:63,get day
FN:64,get dayName
FN:65,get daysThisMonth
FN:66,get DSTActive
FN:67,get hasDST
FN:68,get hours
FN:69,get info
FN:70,get isLeapYear
FN:71,get ISO
FN:72,get local
FN:73,get localDate
FN:74,get locale
FN:75,get localeInfo
FN:76,get localeString
FN:77,get localTime
FN:78,get milliseconds
FN:79,get minutes
FN:80,get month
FN:81,get monthName
FN:82,get names
FN:83,get quarter
FN:84,get quarterNr
FN:85,get removeTime
FN:86,get seconds
FN:87,get time
FN:88,get timeValues
FN:89,get timeZone
FN:90,get unixEpochTimestamp
FN:91,get userLocaleInfo
FN:92,get UTC
FN:93,get UTCOffset
FN:94,get value
FN:95,get weeknr
FN:96,get weeksInYear
FN:97,get year
FN:98,get zoneDate
FN:99,get zoneDateNr
FN:100,get zoneDateTime
FN:101,get zoneDateTimeValues
FN:102,get zoneDateValues
FN:103,get zoneDay
FN:104,get zoneDayname
FN:105,get zoneHours
FN:106,get zoneMinutes
FN:107,get zoneMonth
FN:108,get zoneMonthname
FN:109,get zoneNames
FN:110,get zoneSeconds
FN:111,get zoneTime
FN:112,get zoneTimeValues
FN:113,get zoneYear
FN:114,get zoneValues
FN:115,get zoneArray
FN:124,anonymous_95
FN:129,getTraps
FN:131,get
FN:135,set
FNDA:1489,instanceCreator
FNDA:398,add
FNDA:10,between
FNDA:5,cloneWith
FNDA:2,daysUntil
FNDA:11,differenceTo
FNDA:1,differenceUntil
FNDA:2,firstWeekday
FNDA:473,format
FNDA:1,fullMonth
FNDA:3,isFuture
FNDA:3,isPast
FNDA:1,next
FNDA:20,offsetFrom
FNDA:3,previous
FNDA:1810,relocate
FNDA:6,revalue
FNDA:2,setDateValues
FNDA:4,setTimeValues
FNDA:3,subtract
FNDA:5,toArray
FNDA:104,toString
FNDA:2,values
FNDA:2,zoneFormat
FNDA:18,set date
FNDA:3,set dateNr
FNDA:3,set hours
FNDA:3301,set localeInfo
FNDA:52,set milliseconds
FNDA:2,set minutes
FNDA:2,set month
FNDA:2,set seconds
FNDA:7,set time
FNDA:3,set year
FNDA:1,get age
FNDA:1,get ageFull
FNDA:1123,get clone
FNDA:141,get date
FNDA:18,get dateNr
FNDA:8,get dateTime
FNDA:1135,get dateTimeValues
FNDA:1,get dateValues
FNDA:8,get day
FNDA:6,get dayName
FNDA:0,get daysThisMonth
FNDA:16,get DSTActive
FNDA:28,get hasDST
FNDA:10,get hours
FNDA:4,get info
FNDA:4,get isLeapYear
FNDA:24,get ISO
FNDA:13,get local
FNDA:2,get localDate
FNDA:91,get locale
FNDA:1445,get localeInfo
FNDA:2,get localeString
FNDA:2,get localTime
FNDA:6,get milliseconds
FNDA:4,get minutes
FNDA:28,get month
FNDA:5,get monthName
FNDA:11,get names
FNDA:4,get quarter
FNDA:2,get quarterNr
FNDA:3,get removeTime
FNDA:4,get seconds
FNDA:31,get time
FNDA:1,get timeValues
FNDA:608,get timeZone
FNDA:2,get unixEpochTimestamp
FNDA:1,get userLocaleInfo
FNDA:60,get UTC
FNDA:3,get UTCOffset
FNDA:86,get value
FNDA:2,get weeknr
FNDA:2,get weeksInYear
FNDA:79,get year
FNDA:10,get zoneDate
FNDA:0,get zoneDateNr
FNDA:9,get zoneDateTime
FNDA:2,get zoneDateTimeValues
FNDA:1,get zoneDateValues
FNDA:0,get zoneDay
FNDA:3,get zoneDayname
FNDA:0,get zoneHours
FNDA:0,get zoneMinutes
FNDA:0,get zoneMonth
FNDA:7,get zoneMonthname
FNDA:23,get zoneNames
FNDA:0,get zoneSeconds
FNDA:10,get zoneTime
FNDA:1,get zoneTimeValues
FNDA:0,get zoneYear
FNDA:0,get zoneValues
FNDA:0,get zoneArray
FNDA:44580,anonymous_95
FNDA:1486,getTraps
FNDA:18296,get
FNDA:1907,set
FNF:99
FNH:89
BRDA:1,0,0,1
BRDA:16,1,0,1489
BRDA:118,2,0,3
BRDA:118,3,0,3
BRDA:118,4,0,1486
BRDA:120,5,0,0
BRDA:19,6,0,398
BRDA:20,7,0,10
BRDA:21,8,0,5
BRDA:22,9,0,2
BRDA:23,10,0,11
BRDA:24,11,0,1
BRDA:25,12,0,2
BRDA:26,13,0,473
BRDA:27,14,0,1
BRDA:28,15,0,3
BRDA:29,16,0,3
BRDA:30,17,0,1
BRDA:31,18,0,20
BRDA:32,19,0,3
BRDA:33,20,0,1810
BRDA:34,21,0,6
BRDA:35,22,0,2
BRDA:36,23,0,4
BRDA:38,24,0,3
BRDA:39,25,0,5
BRDA:40,26,0,104
BRDA:41,27,0,2
BRDA:41,28,0,1
BRDA:41,29,0,1
BRDA:42,30,0,2
BRDA:44,31,0,18
BRDA:45,32,0,3
BRDA:46,33,0,3
BRDA:47,34,0,3301
BRDA:48,35,0,52
BRDA:49,36,0,2
BRDA:50,37,0,2
BRDA:51,38,0,2
BRDA:52,39,0,7
BRDA:53,40,0,3
BRDA:55,41,0,1
BRDA:56,42,0,1
BRDA:57,43,0,1123
BRDA:58,44,0,141
BRDA:59,45,0,18
BRDA:60,46,0,8
BRDA:61,47,0,1135
BRDA:62,48,0,1
BRDA:63,49,0,8
BRDA:64,50,0,6
BRDA:66,51,0,16
BRDA:67,52,0,28
BRDA:68,53,0,10
BRDA:69,54,0,4
BRDA:70,55,0,4
BRDA:71,56,0,24
BRDA:72,57,0,13
BRDA:73,58,0,2
BRDA:74,59,0,91
BRDA:74,60,0,0
BRDA:75,61,0,1445
BRDA:76,62,0,2
BRDA:77,63,0,2
BRDA:78,64,0,6
BRDA:79,65,0,4
BRDA:80,66,0,28
BRDA:81,67,0,5
BRDA:82,68,0,11
BRDA:83,69,0,4
BRDA:84,70,0,2
BRDA:85,71,0,3
BRDA:86,72,0,4
BRDA:87,73,0,31
BRDA:88,74,0,1
BRDA:89,75,0,608
BRDA:89,76,0,0
BRDA:90,77,0,2
BRDA:91,78,0,1
BRDA:92,79,0,60
BRDA:93,80,0,3
BRDA:94,81,0,86
BRDA:95,82,0,2
BRDA:96,83,0,2
BRDA:97,84,0,79
BRDA:98,85,0,10
BRDA:100,86,0,9
BRDA:101,87,0,2
BRDA:102,88,0,1
BRDA:104,89,0,3
BRDA:108,90,0,7
BRDA:109,91,0,23
BRDA:111,92,0,10
BRDA:112,93,0,1
BRDA:124,94,0,44580
BRDA:129,95,0,1486
BRDA:131,96,0,18296
BRDA:132,97,0,18192
BRDA:133,98,0,10156
BRDA:133,99,0,8140
BRDA:135,100,0,1907
BRF:101
BRH:98
DA:1,1
DA:2,1
DA:3,1
DA:4,1
DA:5,1
DA:6,1
DA:7,1
DA:8,1
DA:9,1
DA:10,1
DA:11,1
DA:12,1
DA:13,1
DA:14,1
DA:15,1
DA:16,1489
DA:17,1489
DA:18,1489
DA:19,1489
DA:20,1489
DA:21,1489
DA:22,1489
DA:23,1489
DA:24,1489
DA:25,1489
DA:26,1489
DA:27,1489
DA:28,1489
DA:29,1489
DA:30,1489
DA:31,1489
DA:32,1489
DA:33,1489
DA:34,1489
DA:35,1489
DA:36,1489
DA:37,1489
DA:38,1489
DA:39,1489
DA:40,1489
DA:41,1489
DA:42,1489
DA:43,1489
DA:44,1489
DA:45,1489
DA:46,1489
DA:47,1489
DA:48,1489
DA:49,1489
DA:50,1489
DA:51,1489
DA:52,1489
DA:53,1489
DA:54,1489
DA:55,1489
DA:56,1489
DA:57,1489
DA:58,1489
DA:59,1489
DA:60,1489
DA:61,1489
DA:62,1489
DA:63,1489
DA:64,1489
DA:65,1489
DA:66,1489
DA:67,1489
DA:68,1489
DA:69,1489
DA:70,1489
DA:71,1489
DA:72,1489
DA:73,1489
DA:74,1489
DA:75,1489
DA:76,1489
DA:77,1489
DA:78,1489
DA:79,1489
DA:80,1489
DA:81,1489
DA:82,1489
DA:83,1489
DA:84,1489
DA:85,1489
DA:86,1489
DA:87,1489
DA:88,1489
DA:89,1489
DA:90,1489
DA:91,1489
DA:92,1489
DA:93,1489
DA:94,1489
DA:95,1489
DA:96,1489
DA:97,1489
DA:98,1489
DA:99,1489
DA:100,1489
DA:101,1489
DA:102,1489
DA:103,1489
DA:104,1489
DA:105,1489
DA:106,1489
DA:107,1489
DA:108,1489
DA:109,1489
DA:110,1489
DA:111,1489
DA:112,1489
DA:113,1489
DA:114,1489
DA:115,1489
DA:116,1489
DA:117,1489
DA:118,1489
DA:119,1486
DA:120,1489
DA:121,1489
DA:122,1489
DA:123,1489
DA:124,1489
DA:125,1489
DA:126,1489
DA:127,1489
DA:128,1
DA:129,1486
DA:130,1486
DA:131,1486
DA:132,18296
DA:133,18296
DA:134,1486
DA:135,1486
DA:136,1907
DA:137,1486
DA:138,1486
DA:139,1486
LH:139
LF:139
end_of_record
SF:..\src\Factories\dateAddFactory.js
FN:3,dateAddFactory
FN:8,anonymous_1
FN:12,aggregateArguments
FN:18,anonymous_3
FN:19,anonymous_4
FN:23,anonymous_5
FN:27,anonymous_6
FN:31,anonymous_7
FN:36,anonymous_8
FN:39,anonymous_9
FN:45,anonymous_10
FNDA:1,dateAddFactory
FNDA:8,anonymous_1
FNDA:431,aggregateArguments
FNDA:4,anonymous_3
FNDA:0,anonymous_4
FNDA:431,anonymous_5
FNDA:435,anonymous_6
FNDA:870,anonymous_7
FNDA:435,anonymous_8
FNDA:431,anonymous_9
FNDA:435,anonymous_10
FNF:11
FNH:10
BRDA:1,0,0,1
BRDA:3,1,0,1
BRDA:8,2,0,8
BRDA:12,3,0,431
BRDA:16,4,0,3
BRDA:19,5,0,0
BRDA:22,6,0,428
BRDA:18,7,0,4
BRDA:23,8,0,431
BRDA:27,9,0,435
BRDA:28,10,0,0
BRDA:30,11,0,0
BRDA:31,12,0,870
BRDA:34,13,0,434
BRDA:34,14,0,4
BRDA:34,15,0,430
BRDA:34,16,0,436
BRDA:36,17,0,435
BRDA:39,18,0,431
BRDA:40,19,0,0
BRDA:45,20,0,435
BRDA:48,21,0,433
BRDA:48,22,0,432
BRF:23
BRH:19
DA:1,1
DA:2,1
DA:3,1
DA:4,1
DA:5,1
DA:6,1
DA:7,1
DA:8,1
DA:9,1
DA:10,1
DA:11,1
DA:12,1
DA:13,431
DA:14,431
DA:15,431
DA:16,431
DA:17,3
DA:18,3
DA:19,3
DA:20,3
DA:21,431
DA:22,431
DA:23,428
DA:24,428
DA:25,431
DA:26,431
DA:27,431
DA:28,435
DA:29,435
DA:30,435
DA:31,435
DA:32,870
DA:33,870
DA:34,870
DA:35,435
DA:36,431
DA:37,431
DA:38,1
DA:39,1
DA:40,431
DA:41,431
DA:42,431
DA:43,431
DA:44,431
DA:45,431
DA:46,435
DA:47,435
DA:48,435
DA:49,432
DA:50,432
DA:51,435
DA:52,431
DA:53,431
DA:54,431
DA:55,431
DA:56,1
DA:57,1
LH:57
LF:57
end_of_record
SF:..\src\Factories\dateDiffFactory.js
FN:3,dateDiffFactory
FN:4,checkParams
FN:26,getDifference
FN:82,stringifyComposed
FN:83,pipe
FN:83,anonymous_5
FN:83,anonymous_6
FN:84,singleOrMultiple
FN:85,filterRelevant
FN:86,anonymous_9
FN:87,aggregateDiffs
FN:88,anonymous_11
FN:89,stringifyDiffs
FN:89,anonymous_13
FN:91,diffs2SingleString
FNDA:1,dateDiffFactory
FNDA:36,checkParams
FNDA:36,getDifference
FNDA:1,stringifyComposed
FNDA:1,pipe
FNDA:72,anonymous_5
FNDA:288,anonymous_6
FNDA:278,singleOrMultiple
FNDA:72,filterRelevant
FNDA:964,anonymous_9
FNDA:72,aggregateDiffs
FNDA:216,anonymous_11
FNDA:72,stringifyDiffs
FNDA:278,anonymous_13
FNDA:72,diffs2SingleString
FNF:15
FNH:15
BRDA:1,0,0,1
BRDA:3,1,0,1
BRDA:4,2,0,36
BRDA:7,3,0,0
BRDA:12,4,0,0
BRDA:17,5,0,0
BRDA:17,6,0,0
BRDA:26,7,0,36
BRDA:28,8,0,22
BRDA:28,9,0,14
BRDA:29,10,0,0
BRDA:58,11,0,33
BRDA:58,12,0,3
BRDA:62,13,0,6
BRDA:62,14,0,30
BRDA:63,15,0,6
BRDA:63,16,0,30
BRDA:64,17,0,4
BRDA:64,18,0,32
BRDA:65,19,0,9
BRDA:65,20,0,27
BRDA:67,21,0,33
BRDA:67,22,0,3
BRDA:68,23,0,4
BRDA:68,24,0,32
BRDA:69,25,0,4
BRDA:69,26,0,32
BRDA:71,27,0,6
BRDA:71,28,0,30
BRDA:72,29,0,6
BRDA:72,30,0,30
BRDA:73,31,0,9
BRDA:73,32,0,27
BRDA:75,33,0,33
BRDA:75,34,0,3
BRDA:76,35,0,4
BRDA:76,36,0,32
BRDA:77,37,0,4
BRDA:77,38,0,32
BRDA:82,39,0,1
BRDA:83,40,0,1
BRDA:83,41,0,72
BRDA:83,42,0,288
BRDA:84,43,0,278
BRDA:84,44,0,10
BRDA:84,45,0,268
BRDA:85,46,0,72
BRDA:86,47,0,964
BRDA:87,48,0,72
BRDA:88,49,0,36
BRDA:88,50,0,36
BRDA:88,51,0,216
BRDA:88,52,0,0
BRDA:89,53,0,72
BRDA:89,54,0,278
BRDA:91,55,0,72
BRDA:92,56,0,0
BRDA:93,57,0,42
BRDA:93,58,0,30
BRF:59
BRH:52
DA:1,1
DA:2,1
DA:3,1
DA:4,1
DA:5,36
DA:6,36
DA:7,36
DA:8,0
DA:9,0
DA:10,0
DA:11,36
DA:12,36
DA:13,0
DA:14,0
DA:15,0
DA:16,36
DA:17,36
DA:18,0
DA:19,0
DA:20,0
DA:21,36
DA:22,1
DA:23,1
DA:24,1
DA:25,1
DA:26,1
DA:27,36
DA:28,36
DA:29,36
DA:30,36
DA:31,36
DA:32,36
DA:33,36
DA:34,36
DA:35,36
DA:36,36
DA:37,36
DA:38,36
DA:39,36
DA:40,36
DA:41,36
DA:42,36
DA:43,36
DA:44,36
DA:45,36
DA:46,36
DA:47,36
DA:48,36
DA:49,36
DA:50,36
DA:51,36
DA:52,36
DA:53,36
DA:54,36
DA:55,36
DA:56,36
DA:57,36
DA:58,36
DA:59,36
DA:60,36
DA:61,36
DA:62,36
DA:63,36
DA:64,36
DA:65,36
DA:66,36
DA:67,36
DA:68,36
DA:69,36
DA:70,36
DA:71,36
DA:72,36
DA:73,36
DA:74,36
DA:75,36
DA:76,36
DA:77,36
DA:78,36
DA:79,36
DA:80,1
DA:81,1
DA:82,1
DA:83,1
DA:84,1
DA:85,1
DA:86,1
DA:87,1
DA:88,1
DA:89,1
DA:90,1
DA:91,1
DA:92,72
DA:93,1
DA:94,1
DA:95,1
DA:96,1
LH:87
LF:96
end_of_record
SF:..\src\Factories\dateFormatFactory.js
FN:4,DateFormatFactory
FN:33,tzn
FN:34,hrc
FN:35,ds
FN:36,ts
FN:37,tz
FN:38,e
FN:39,l
FN:44,retrieveDyn
FN:48,get re
FN:50,extractFromTemplate
FN:52,anonymous_11
FN:57,get texts
FN:58,formatString
FN:59,set formatStr
FN:60,get formatStr
FN:61,get units
FN:62,finalize
FN:69,anonymous_18
FN:74,unSpacify
FN:75,getOpts
FN:75,anonymous_21
FN:78,dtNoParts
FN:83,getMonthName
FN:85,dtFormatted
FN:89,checkNumeric
FN:93,anonymous_26
FN:99,anonymous_27
FN:107,anonymous_28
FNDA:1,DateFormatFactory
FNDA:196,tzn
FNDA:158,hrc
FNDA:0,ds
FNDA:0,ts
FNDA:474,tz
FNDA:0,e
FNDA:317,l
FNDA:2935,retrieveDyn
FNDA:964,get re
FNDA:482,extractFromTemplate
FNDA:0,anonymous_11
FNDA:0,get texts
FNDA:0,formatString
FNDA:482,set formatStr
FNDA:482,get formatStr
FNDA:482,get units
FNDA:482,finalize
FNDA:0,anonymous_18
FNDA:482,unSpacify
FNDA:482,getOpts
FNDA:2935,anonymous_21
FNDA:0,dtNoParts
FNDA:133,getMonthName
FNDA:482,dtFormatted
FNDA:2426,checkNumeric
FNDA:3672,anonymous_26
FNDA:1774,anonymous_27
FNDA:482,anonymous_28
FNF:29
FNH:21
BRDA:1,0,0,1
BRDA:4,1,0,1
BRDA:33,2,0,196
BRDA:34,3,0,158
BRDA:37,4,0,474
BRDA:39,5,0,317
BRDA:44,6,0,2935
BRDA:46,7,0,1145
BRDA:48,8,0,964
BRDA:50,9,0,482
BRDA:59,10,0,482
BRDA:60,11,0,482
BRDA:61,12,0,482
BRDA:61,13,0,0
BRDA:62,14,0,482
BRDA:74,15,0,482
BRDA:75,16,0,482
BRDA:75,17,0,2935
BRDA:76,18,0,1790
BRDA:83,19,0,133
BRDA:84,20,0,98
BRDA:84,21,0,35
BRDA:85,22,0,482
BRDA:95,23,0,2
BRDA:95,24,0,480
BRDA:96,25,0,0
BRDA:89,26,0,2426
BRDA:89,27,0,325
BRDA:90,28,0,0
BRDA:93,29,0,3672
BRDA:94,30,0,1595
BRDA:94,31,0,1246
BRDA:94,32,0,2426
BRDA:99,33,0,1774
BRDA:101,34,0,133
BRDA:102,35,0,1641
BRDA:102,36,0,0
BRDA:107,37,0,482
BRDA:108,38,0,0
BRDA:109,39,0,0
BRF:40
BRH:34
DA:1,1
DA:2,1
DA:3,1
DA:4,1
DA:5,1
DA:6,1
DA:7,1
DA:8,1
DA:9,1
DA:10,1
DA:11,1
DA:12,1
DA:13,1
DA:14,1
DA:15,1
DA:16,1
DA:17,1
DA:18,1
DA:19,1
DA:20,1
DA:21,1
DA:22,1
DA:23,1
DA:24,1
DA:25,1
DA:26,1
DA:27,1
DA:28,1
DA:29,1
DA:30,1
DA:31,1
DA:32,1
DA:33,1
DA:34,1
DA:35,1
DA:36,1
DA:37,1
DA:38,1
DA:39,1
DA:40,1
DA:41,1
DA:42,1
DA:43,1
DA:44,1
DA:45,2935
DA:46,2935
DA:47,1
DA:48,1
DA:49,1
DA:50,1
DA:51,482
DA:52,482
DA:53,482
DA:54,482
DA:55,482
DA:56,482
DA:57,482
DA:58,482
DA:59,482
DA:60,482
DA:61,482
DA:62,482
DA:63,482
DA:64,482
DA:65,482
DA:66,482
DA:67,482
DA:68,482
DA:69,482
DA:70,482
DA:71,482
DA:72,482
DA:73,1
DA:74,1
DA:75,1
DA:76,482
DA:77,1
DA:78,1
DA:79,0
DA:80,0
DA:81,0
DA:82,1
DA:83,1
DA:84,1
DA:85,1
DA:86,482
DA:87,482
DA:88,482
DA:89,482
DA:90,482
DA:91,482
DA:92,482
DA:93,482
DA:94,482
DA:95,482
DA:96,482
DA:97,482
DA:98,482
DA:99,482
DA:100,1774
DA:101,1774
DA:102,482
DA:103,482
DA:104,482
DA:105,482
DA:106,1
DA:107,1
DA:108,482
DA:109,1
DA:110,1
LH:107
LF:110
end_of_record
SF:..\src\genericHelpers.js
FN:5,anonymous_0
FN:6,anonymous_1
FN:13,localeWeekdays
FN:17,anonymous_3
FN:20,anonymous_4
FN:25,localeMonthnames
FN:30,anonymous_6
FN:33,anonymous_7
FN:38,calenderForYear
FN:41,anonymous_9
FN:51,calendarForMonth
FN:66,addFormatOptions
FN:71,retrieveFormattingFormats
FN:75,anonymous_13
FN:78,localeInfoValidator
FN:86,setLocaleInfo
FN:90,valiDate
FN:97,retrieveDateValueFromInput
FN:111,timeAcrossZones
FN:137,isNumberOrNumberString
FN:141,aggregateDateAdder
FN:146,retrieveAggregates
FN:148,addYears
FN:151,addMonths
FN:154,addWeeks
FN:158,addDays
FN:161,get nextYear
FN:164,get nextWeek
FN:167,get previousWeek
FN:170,get previousYear
FN:173,get nextMonth
FN:176,get previousMonth
FN:179,get tomorrow
FN:182,get yesterday
FN:187,anonymous_34
FN:188,addSubtractAggregates.<computed>
FN:197,getAggregates
FN:203,get
FN:204,value
FN:212,createExtendedCTOR
FN:215,get
FN:220,get
FN:223,value
FN:228,value
FN:233,value
FN:247,value
FN:248,value
FN:255,value
FN:266,value
FN:275,value
FN:283,value
FN:285,get
FN:287,anonymous_52
FN:296,anonymous_53
FNDA:47,anonymous_0
FNDA:16,anonymous_1
FNDA:39,localeWeekdays
FNDA:273,anonymous_3
FNDA:273,anonymous_4
FNDA:40,localeMonthnames
FNDA:480,anonymous_6
FNDA:480,anonymous_7
FNDA:12,calenderForYear
FNDA:12,anonymous_9
FNDA:3,calendarForMonth
FNDA:6717,addFormatOptions
FNDA:6751,retrieveFormattingFormats
FNDA:13502,anonymous_13
FNDA:6716,localeInfoValidator
FNDA:3301,setLocaleInfo
FNDA:297,valiDate
FNDA:1474,retrieveDateValueFromInput
FNDA:2,timeAcrossZones
FNDA:377,isNumberOrNumberString
FNDA:17,aggregateDateAdder
FNDA:1489,retrieveAggregates
FNDA:5,addYears
FNDA:2,addMonths
FNDA:2,addWeeks
FNDA:8,addDays
FNDA:1,get nextYear
FNDA:1,get nextWeek
FNDA:1,get previousWeek
FNDA:1,get previousYear
FNDA:1,get nextMonth
FNDA:1,get previousMonth
FNDA:1,get tomorrow
FNDA:1,get yesterday
FNDA:23824,anonymous_34
FNDA:8,addSubtractAggregates.<computed>
FNDA:2972,getAggregates
FNDA:1,get
FNDA:2,value
FNDA:1,createExtendedCTOR
FNDA:91,get
FNDA:10,get
FNDA:5,value
FNDA:5,value
FNDA:3,value
FNDA:1161,value
FNDA:3,value
FNDA:3,value
FNDA:4,value
FNDA:2,value
FNDA:0,value
FNDA:3,get
FNDA:6,anonymous_52
FNDA:1446,anonymous_53
FNF:54
FNH:53
BRDA:1,0,0,1
BRDA:5,1,0,47
BRDA:6,2,0,16
BRDA:13,3,0,39
BRDA:17,4,0,273
BRDA:20,5,0,273
BRDA:25,6,0,40
BRDA:30,7,0,480
BRDA:33,8,0,480
BRDA:38,9,0,1
BRDA:39,10,0,0
BRDA:43,11,0,12
BRDA:41,12,0,12
BRDA:51,13,0,3
BRDA:52,14,0,2
BRDA:52,15,0,2
BRDA:54,16,0,2
BRDA:54,17,0,1
BRDA:55,18,0,1
BRDA:55,19,0,2
BRDA:57,20,0,1
BRDA:61,21,0,2
BRDA:66,22,0,6717
BRDA:71,23,0,6751
BRDA:73,24,0,0
BRDA:73,25,0,0
BRDA:74,26,0,0
BRDA:75,27,0,13502
BRDA:78,28,0,6716
BRDA:80,29,0,1486
BRDA:80,30,0,1458
BRDA:81,31,0,0
BRDA:86,32,0,3301
BRDA:90,33,0,297
BRDA:91,34,0,296
BRDA:92,35,0,296
BRDA:94,36,0,296
BRDA:94,37,0,1
BRDA:97,38,0,1474
BRDA:101,39,0,58
BRDA:101,40,0,1473
BRDA:103,41,0,1176
BRDA:104,42,0,5
BRDA:104,43,0,1171
BRDA:105,44,0,239
BRDA:107,45,0,1
BRDA:111,46,0,2
BRDA:113,47,0,0
BRDA:122,48,0,0
BRDA:124,49,0,1
BRDA:124,50,0,1
BRDA:137,51,0,377
BRDA:138,52,0,127
BRDA:141,53,0,17
BRDA:143,54,0,16
BRDA:143,55,0,1
BRDA:146,56,0,1489
BRDA:148,57,0,5
BRDA:151,58,0,2
BRDA:154,59,0,2
BRDA:155,60,0,0
BRDA:158,61,0,8
BRDA:161,62,0,1
BRDA:164,63,0,1
BRDA:167,64,0,1
BRDA:170,65,0,1
BRDA:173,66,0,1
BRDA:176,67,0,1
BRDA:179,68,0,1
BRDA:182,69,0,1
BRDA:187,70,0,23824
BRDA:188,71,0,8
BRDA:197,72,0,1489
BRDA:200,73,0,3
BRDA:200,74,0,2972
BRDA:203,75,0,1486
BRDA:204,76,0,1486
BRDA:203,77,0,1
BRDA:204,78,0,2
BRDA:212,79,0,1
BRDA:215,80,0,91
BRDA:220,81,0,10
BRDA:223,82,0,5
BRDA:228,83,0,5
BRDA:233,84,0,3
BRDA:235,85,0,1
BRDA:235,86,0,2
BRDA:236,87,0,0
BRDA:247,88,0,1161
BRDA:248,89,0,3
BRDA:249,90,0,2
BRDA:249,91,0,1
BRDA:250,92,0,2
BRDA:250,93,0,1
BRDA:251,94,0,2
BRDA:255,95,0,3
BRDA:256,96,0,1
BRDA:256,97,0,0
BRDA:256,98,0,1
BRDA:266,99,0,4
BRDA:267,100,0,1
BRDA:267,101,0,0
BRDA:267,102,0,1
BRDA:268,103,0,1
BRDA:268,104,0,1
BRDA:268,105,0,3
BRDA:270,106,0,0
BRDA:275,107,0,2
BRDA:285,108,0,3
BRDA:287,109,0,6
BRDA:296,110,0,1446
BRF:111
BRH:99
DA:1,1
DA:2,1
DA:3,1
DA:4,1
DA:5,1
DA:6,1
DA:7,1
DA:8,1
DA:9,1
DA:10,1
DA:11,1
DA:12,1
DA:13,39
DA:14,39
DA:15,39
DA:16,39
DA:17,39
DA:18,39
DA:19,39
DA:20,39
DA:21,39
DA:22,39
DA:23,39
DA:24,1
DA:25,40
DA:26,40
DA:27,40
DA:28,40
DA:29,40
DA:30,40
DA:31,40
DA:32,40
DA:33,40
DA:34,40
DA:35,40
DA:36,40
DA:37,1
DA:38,1
DA:39,1
DA:40,1
DA:41,1
DA:42,1
DA:43,1
DA:44,12
DA:45,12
DA:46,12
DA:47,1
DA:48,1
DA:49,1
DA:50,1
DA:51,3
DA:52,3
DA:53,3
DA:54,3
DA:55,3
DA:56,3
DA:57,3
DA:58,1
DA:59,1
DA:60,1
DA:61,1
DA:62,2
DA:63,2
DA:64,3
DA:65,1
DA:66,6717
DA:67,6717
DA:68,6717
DA:69,6717
DA:70,1
DA:71,6751
DA:72,6751
DA:73,6751
DA:74,6751
DA:75,6751
DA:76,6751
DA:77,1
DA:78,6716
DA:79,6716
DA:80,6716
DA:81,6716
DA:82,0
DA:83,0
DA:84,6716
DA:85,1
DA:86,3301
DA:87,3301
DA:88,3301
DA:89,1
DA:90,297
DA:91,297
DA:92,297
DA:93,296
DA:94,297
DA:95,297
DA:96,1
DA:97,1474
DA:98,1474
DA:99,1474
DA:100,1474
DA:101,1474
DA:102,58
DA:103,1474
DA:104,1176
DA:105,1474
DA:106,239
DA:107,1474
DA:108,1474
DA:109,1474
DA:110,1
DA:111,2
DA:112,2
DA:113,2
DA:114,2
DA:115,2
DA:116,2
DA:117,2
DA:118,2
DA:119,2
DA:120,2
DA:121,2
DA:122,2
DA:123,2
DA:124,2
DA:125,2
DA:126,2
DA:127,2
DA:128,2
DA:129,2
DA:130,2
DA:131,2
DA:132,2
DA:133,2
DA:134,2
DA:135,2
DA:136,1
DA:137,377
DA:138,377
DA:139,377
DA:140,1
DA:141,17
DA:142,17
DA:143,17
DA:144,17
DA:145,1
DA:146,1489
DA:147,1489
DA:148,1489
DA:149,5
DA:150,1489
DA:151,1489
DA:152,2
DA:153,1489
DA:154,1489
DA:155,2
DA:156,2
DA:157,1489
DA:158,1489
DA:159,8
DA:160,1489
DA:161,1489
DA:162,1
DA:163,1489
DA:164,1489
DA:165,1
DA:166,1489
DA:167,1489
DA:168,1
DA:169,1489
DA:170,1489
DA:171,1
DA:172,1489
DA:173,1489
DA:174,1
DA:175,1489
DA:176,1489
DA:177,1
DA:178,1489
DA:179,1489
DA:180,1
DA:181,1489
DA:182,1489
DA:183,1
DA:184,1489
DA:185,1489
DA:186,1489
DA:187,1489
DA:188,23824
DA:189,8
DA:190,8
DA:191,23824
DA:192,1489
DA:193,1489
DA:194,1489
DA:195,1489
DA:196,1
DA:197,1489
DA:198,1489
DA:199,1489
DA:200,1489
DA:201,2972
DA:202,2972
DA:203,2972
DA:204,2972
DA:205,2972
DA:206,2972
DA:207,2972
DA:208,1489
DA:209,1489
DA:210,1489
DA:211,1
DA:212,1
DA:213,1
DA:214,1
DA:215,1
DA:216,91
DA:217,91
DA:218,1
DA:219,1
DA:220,1
DA:221,1
DA:222,1
DA:223,1
DA:224,5
DA:225,5
DA:226,1
DA:227,1
DA:228,1
DA:229,5
DA:230,5
DA:231,1
DA:232,1
DA:233,1
DA:234,3
DA:235,3
DA:236,3
DA:237,0
DA:238,0
DA:239,1
DA:240,1
DA:241,1
DA:242,1
DA:243,1
DA:244,1
DA:245,1
DA:246,1
DA:247,1
DA:248,1
DA:249,3
DA:250,3
DA:251,3
DA:252,3
DA:253,1
DA:254,1
DA:255,1
DA:256,3
DA:257,3
DA:258,3
DA:259,3
DA:260,3
DA:261,3
DA:262,3
DA:263,3
DA:264,1
DA:265,1
DA:266,1
DA:267,4
DA:268,4
DA:269,4
DA:270,4
DA:271,4
DA:272,4
DA:273,1
DA:274,1
DA:275,1
DA:276,2
DA:277,2
DA:278,2
DA:279,2
DA:280,1
DA:281,1
DA:282,1
DA:283,1
DA:284,1
DA:285,1
DA:286,3
DA:287,3
DA:288,3
DA:289,3
DA:290,3
DA:291,3
DA:292,3
DA:293,3
DA:294,3
DA:295,3
DA:296,3
DA:297,3
DA:298,1
DA:299,1
DA:300,1
DA:301,1
DA:302,1
LH:298
LF:302
end_of_record
SF:..\src\instanceHelpers.js
FN:29,addParts2Date
FN:34,compareDates
FN:46,format
FN:62,formatLocal
FN:71,daysUntil
FN:76,getNames
FN:91,getTime
FN:99,getTimeValues
FN:109,getFullDate
FN:118,getDateValues
FN:128,firstWeekday
FN:132,zoneDiff
FN:137,anonymous_12
FN:140,timezoneAwareDifferenceTo
FN:154,anonymous_14
FN:165,flipSign
FN:169,offsetFrom
FN:186,pad0
FN:190,maybePlural
FN:194,timeDiffenceInWords
FN:205,toFormattedJSDateString
FN:209,toJSDateString
FN:220,getDowNumber
FN:229,getAggregatedInfo
FN:281,getDTValues
FN:302,daysInMonth
FN:306,fullMonth
FN:310,anonymous_27
FN:313,nextOrPrevious
FN:327,findDayRecursive
FN:333,toLocalString
FN:345,DTInTimezone
FN:350,setDateParts
FN:357,setTimeParts
FN:365,isDateOrInstance
FN:369,cloneInstance
FN:377,weekdayFactory
FN:383,anonymous_37
FN:390,setProxy
FN:394,offset2Number
FN:398,anonymous_40
FN:405,removeTime
FN:410,getTimezoneName
FN:415,hasDST
FN:422,DSTActive
FN:426,relocate
FN:435,revalue
FN:441,getWeeksInYear
FN:446,getQuarter
FN:457,getISO8601Weeknr
FNDA:401,addParts2Date
FNDA:16,compareDates
FNDA:475,format
FNDA:473,formatLocal
FNDA:2,daysUntil
FNDA:34,getNames
FNDA:41,getTime
FNDA:43,getTimeValues
FNDA:151,getFullDate
FNDA:2,getDateValues
FNDA:2,firstWeekday
FNDA:34,zoneDiff
FNDA:68,anonymous_12
FNDA:34,timezoneAwareDifferenceTo
FNDA:68,anonymous_14
FNDA:3,flipSign
FNDA:23,offsetFrom
FNDA:46,pad0
FNDA:91,maybePlural
FNDA:23,timeDiffenceInWords
FNDA:6,toFormattedJSDateString
FNDA:104,toJSDateString
FNDA:4,getDowNumber
FNDA:4,getAggregatedInfo
FNDA:1142,getDTValues
FNDA:13,daysInMonth
FNDA:13,fullMonth
FNDA:382,anonymous_27
FNDA:6,nextOrPrevious
FNDA:6,findDayRecursive
FNDA:19,toLocalString
FNDA:68,DTInTimezone
FNDA:28,setDateParts
FNDA:70,setTimeParts
FNDA:1134,isDateOrInstance
FNDA:1128,cloneInstance
FNDA:1,weekdayFactory
FNDA:10,anonymous_37
FNDA:0,setProxy
FNDA:70,offset2Number
FNDA:140,anonymous_40
FNDA:3,removeTime
FNDA:56,getTimezoneName
FNDA:28,hasDST
FNDA:16,DSTActive
FNDA:1810,relocate
FNDA:6,revalue
FNDA:2,getWeeksInYear
FNDA:6,getQuarter
FNDA:4,getISO8601Weeknr
FNF:50
FNH:49
BRDA:1,0,0,1
BRDA:29,1,0,401
BRDA:34,2,0,16
BRDA:36,3,0,5
BRDA:36,4,0,5
BRDA:36,5,0,0
BRDA:37,6,0,14
BRDA:37,7,0,9
BRDA:37,8,0,7
BRDA:37,9,0,14
BRDA:37,10,0,7
BRDA:37,11,0,2
BRDA:42,12,0,3
BRDA:42,13,0,13
BRDA:42,14,0,3
BRDA:42,15,0,10
BRDA:43,16,0,4
BRDA:43,17,0,6
BRDA:43,18,0,8
BRDA:43,19,0,4
BRDA:43,20,0,4
BRDA:46,21,0,475
BRDA:47,22,0,473
BRDA:49,23,0,2
BRDA:52,24,0,0
BRDA:53,25,0,2
BRDA:55,26,0,0
BRDA:57,27,0,2
BRDA:62,28,0,473
BRDA:65,29,0,25
BRDA:66,30,0,0
BRDA:67,31,0,25
BRDA:71,32,0,2
BRDA:72,33,0,0
BRDA:76,34,0,34
BRDA:77,35,0,23
BRDA:77,36,0,11
BRDA:91,37,0,41
BRDA:93,38,0,10
BRDA:93,39,0,31
BRDA:99,40,0,43
BRDA:100,41,0,11
BRDA:100,42,0,32
BRDA:109,43,0,151
BRDA:110,44,0,10
BRDA:110,45,0,141
BRDA:113,46,0,10
BRDA:113,47,0,141
BRDA:118,48,0,2
BRDA:119,49,0,1
BRDA:128,50,0,2
BRDA:129,51,0,1
BRDA:129,52,0,1
BRDA:132,53,0,34
BRDA:133,54,0,31
BRDA:133,55,0,3
BRDA:134,56,0,24
BRDA:134,57,0,10
BRDA:137,58,0,68
BRDA:137,59,0,10
BRDA:137,60,0,58
BRDA:140,61,0,34
BRDA:141,62,0,0
BRDA:145,63,0,3
BRDA:153,64,0,7
BRDA:153,65,0,27
BRDA:160,66,0,1
BRDA:161,67,0,33
BRDA:161,68,0,0
BRDA:154,69,0,68
BRDA:165,70,0,3
BRDA:166,71,0,1
BRDA:166,72,0,2
BRDA:169,73,0,23
BRDA:170,74,0,20
BRDA:172,75,0,3
BRDA:173,76,0,20
BRDA:173,77,0,0
BRDA:176,78,0,20
BRDA:176,79,0,3
BRDA:186,80,0,46
BRDA:190,81,0,91
BRDA:191,82,0,41
BRDA:191,83,0,85
BRDA:191,84,0,6
BRDA:194,85,0,23
BRDA:195,86,0,0
BRDA:200,87,0,0
BRDA:202,88,0,14
BRDA:202,89,0,9
BRDA:205,90,0,6
BRDA:206,91,0,1
BRDA:209,92,0,104
BRDA:210,93,0,6
BRDA:212,94,0,98
BRDA:220,95,0,4
BRDA:222,96,0,0
BRDA:229,97,0,4
BRDA:281,98,0,1142
BRDA:282,99,0,1136
BRDA:292,100,0,6
BRDA:302,101,0,13
BRDA:306,102,0,13
BRDA:310,103,0,382
BRDA:313,104,0,6
BRDA:317,105,0,0
BRDA:322,106,0,1
BRDA:322,107,0,5
BRDA:327,108,0,6
BRDA:329,109,0,0
BRDA:333,110,0,19
BRDA:334,111,0,0
BRDA:339,112,0,2
BRDA:340,113,0,17
BRDA:341,114,0,2
BRDA:342,115,0,15
BRDA:345,116,0,68
BRDA:350,117,0,28
BRDA:351,118,0,6
BRDA:352,119,0,18
BRDA:353,120,0,6
BRDA:357,121,0,70
BRDA:358,122,0,11
BRDA:359,123,0,10
BRDA:360,124,0,10
BRDA:361,125,0,56
BRDA:365,126,0,1134
BRDA:366,127,0,9
BRDA:366,128,0,1131
BRDA:366,129,0,6
BRDA:369,130,0,1128
BRDA:370,131,0,2
BRDA:371,132,0,1
BRDA:372,133,0,1126
BRDA:377,134,0,1
BRDA:383,135,0,10
BRDA:386,136,0,6
BRDA:386,137,0,4
BRDA:394,138,0,70
BRDA:400,139,0,0
BRDA:398,140,0,140
BRDA:398,141,0,20
BRDA:398,142,0,120
BRDA:405,143,0,3
BRDA:410,144,0,56
BRDA:415,145,0,28
BRDA:422,146,0,16
BRDA:423,147,0,15
BRDA:423,148,0,1
BRDA:426,149,0,1810
BRDA:428,150,0,26
BRDA:428,151,0,26
BRDA:429,152,0,1802
BRDA:429,153,0,116
BRDA:429,154,0,116
BRDA:435,155,0,6
BRDA:436,156,0,1
BRDA:436,157,0,5
BRDA:437,158,0,2
BRDA:437,159,0,2
BRDA:441,160,0,2
BRDA:442,161,0,0
BRDA:443,162,0,0
BRDA:446,163,0,6
BRDA:449,164,0,3
BRDA:449,165,0,0
BRDA:450,166,0,1
BRDA:450,167,0,0
BRDA:451,168,0,1
BRDA:451,169,0,0
BRDA:452,170,0,1
BRDA:452,171,0,0
BRDA:453,172,0,0
BRDA:457,173,0,4
BRDA:464,174,0,3
BRF:175
BRH:153
DA:1,1
DA:2,1
DA:3,1
DA:4,1
DA:5,1
DA:6,1
DA:7,1
DA:8,1
DA:9,1
DA:10,1
DA:11,1
DA:12,1
DA:13,1
DA:14,1
DA:15,1
DA:16,1
DA:17,1
DA:18,1
DA:19,1
DA:20,1
DA:21,1
DA:22,1
DA:23,1
DA:24,1
DA:25,1
DA:26,1
DA:27,1
DA:28,1
DA:29,401
DA:30,401
DA:31,401
DA:32,401
DA:33,1
DA:34,16
DA:35,16
DA:36,16
DA:37,16
DA:38,16
DA:39,16
DA:40,16
DA:41,16
DA:42,16
DA:43,16
DA:44,16
DA:45,1
DA:46,475
DA:47,475
DA:48,473
DA:49,473
DA:50,2
DA:51,475
DA:52,475
DA:53,475
DA:54,475
DA:55,475
DA:56,0
DA:57,0
DA:58,2
DA:59,2
DA:60,475
DA:61,1
DA:62,473
DA:63,473
DA:64,473
DA:65,473
DA:66,473
DA:67,473
DA:68,473
DA:69,473
DA:70,1
DA:71,2
DA:72,2
DA:73,2
DA:74,2
DA:75,1
DA:76,34
DA:77,34
DA:78,34
DA:79,34
DA:80,34
DA:81,34
DA:82,34
DA:83,34
DA:84,34
DA:85,34
DA:86,34
DA:87,34
DA:88,34
DA:89,34
DA:90,1
DA:91,41
DA:92,41
DA:93,41
DA:94,41
DA:95,41
DA:96,41
DA:97,41
DA:98,1
DA:99,43
DA:100,43
DA:101,43
DA:102,43
DA:103,43
DA:104,43
DA:105,43
DA:106,43
DA:107,43
DA:108,1
DA:109,151
DA:110,151
DA:111,151
DA:112,151
DA:113,151
DA:114,151
DA:115,151
DA:116,151
DA:117,1
DA:118,2
DA:119,2
DA:120,1
DA:121,1
DA:122,1
DA:123,1
DA:124,1
DA:125,1
DA:126,2
DA:127,1
DA:128,2
DA:129,2
DA:130,2
DA:131,1
DA:132,34
DA:133,34
DA:134,34
DA:135,34
DA:136,34
DA:137,34
DA:138,34
DA:139,1
DA:140,34
DA:141,34
DA:142,0
DA:143,0
DA:144,34
DA:145,34
DA:146,3
DA:147,3
DA:148,34
DA:149,34
DA:150,34
DA:151,34
DA:152,34
DA:153,34
DA:154,34
DA:155,34
DA:156,34
DA:157,34
DA:158,34
DA:159,34
DA:160,34
DA:161,34
DA:162,34
DA:163,34
DA:164,1
DA:165,3
DA:166,3
DA:167,3
DA:168,1
DA:169,23
DA:170,23
DA:171,23
DA:172,23
DA:173,23
DA:174,23
DA:175,23
DA:176,23
DA:177,23
DA:178,23
DA:179,23
DA:180,23
DA:181,23
DA:182,23
DA:183,23
DA:184,23
DA:185,1
DA:186,46
DA:187,46
DA:188,46
DA:189,1
DA:190,91
DA:191,91
DA:192,91
DA:193,1
DA:194,23
DA:195,23
DA:196,23
DA:197,23
DA:198,23
DA:199,23
DA:200,23
DA:201,0
DA:202,23
DA:203,23
DA:204,1
DA:205,6
DA:206,6
DA:207,6
DA:208,1
DA:209,104
DA:210,104
DA:211,6
DA:212,6
DA:213,98
DA:214,98
DA:215,98
DA:216,98
DA:217,98
DA:218,104
DA:219,1
DA:220,4
DA:221,4
DA:222,4
DA:223,4
DA:224,4
DA:225,4
DA:226,4
DA:227,4
DA:228,1
DA:229,4
DA:230,4
DA:231,4
DA:232,4
DA:233,4
DA:234,4
DA:235,4
DA:236,4
DA:237,4
DA:238,4
DA:239,4
DA:240,4
DA:241,4
DA:242,4
DA:243,4
DA:244,4
DA:245,4
DA:246,4
DA:247,4
DA:248,4
DA:249,4
DA:250,4
DA:251,4
DA:252,4
DA:253,4
DA:254,4
DA:255,4
DA:256,4
DA:257,4
DA:258,4
DA:259,4
DA:260,4
DA:261,4
DA:262,4
DA:263,4
DA:264,4
DA:265,4
DA:266,4
DA:267,4
DA:268,4
DA:269,4
DA:270,4
DA:271,4
DA:272,4
DA:273,4
DA:274,4
DA:275,4
DA:276,4
DA:277,4
DA:278,4
DA:279,4
DA:280,1
DA:281,1142
DA:282,1142
DA:283,1136
DA:284,1136
DA:285,1136
DA:286,1136
DA:287,1136
DA:288,1136
DA:289,1136
DA:290,1136
DA:291,1136
DA:292,1136
DA:293,6
DA:294,6
DA:295,6
DA:296,6
DA:297,6
DA:298,6
DA:299,6
DA:300,1142
DA:301,1
DA:302,13
DA:303,13
DA:304,13
DA:305,1
DA:306,13
DA:307,13
DA:308,13
DA:309,13
DA:310,13
DA:311,13
DA:312,1
DA:313,6
DA:314,6
DA:315,6
DA:316,6
DA:317,6
DA:318,0
DA:319,0
DA:320,0
DA:321,6
DA:322,6
DA:323,6
DA:324,6
DA:325,6
DA:326,1
DA:327,6
DA:328,6
DA:329,6
DA:330,6
DA:331,6
DA:332,1
DA:333,19
DA:334,19
DA:335,0
DA:336,0
DA:337,19
DA:338,19
DA:339,19
DA:340,19
DA:341,17
DA:342,19
DA:343,19
DA:344,1
DA:345,68
DA:346,68
DA:347,68
DA:348,68
DA:349,1
DA:350,28
DA:351,28
DA:352,28
DA:353,28
DA:354,28
DA:355,28
DA:356,1
DA:357,70
DA:358,70
DA:359,70
DA:360,70
DA:361,70
DA:362,70
DA:363,70
DA:364,1
DA:365,1134
DA:366,1134
DA:367,1134
DA:368,1
DA:369,1128
DA:370,1128
DA:371,2
DA:372,2
DA:373,1126
DA:374,1126
DA:375,1128
DA:376,1
DA:377,1
DA:378,1
DA:379,1
DA:380,1
DA:381,1
DA:382,1
DA:383,1
DA:384,10
DA:385,10
DA:386,10
DA:387,1
DA:388,1
DA:389,1
DA:390,0
DA:391,0
DA:392,0
DA:393,1
DA:394,70
DA:395,70
DA:396,70
DA:397,70
DA:398,70
DA:399,70
DA:400,70
DA:401,0
DA:402,0
DA:403,70
DA:404,1
DA:405,3
DA:406,3
DA:407,3
DA:408,3
DA:409,1
DA:410,56
DA:411,56
DA:412,56
DA:413,56
DA:414,1
DA:415,28
DA:416,28
DA:417,28
DA:418,28
DA:419,28
DA:420,28
DA:421,1
DA:422,16
DA:423,16
DA:424,16
DA:425,1
DA:426,1810
DA:427,1810
DA:428,1810
DA:429,1810
DA:430,1810
DA:431,1810
DA:432,1810
DA:433,1810
DA:434,1
DA:435,6
DA:436,6
DA:437,6
DA:438,6
DA:439,6
DA:440,1
DA:441,2
DA:442,2
DA:443,2
DA:444,2
DA:445,1
DA:446,6
DA:447,6
DA:448,6
DA:449,6
DA:450,6
DA:451,6
DA:452,6
DA:453,6
DA:454,6
DA:455,6
DA:456,1
DA:457,4
DA:458,4
DA:459,4
DA:460,4
DA:461,4
DA:462,4
DA:463,4
DA:464,4
DA:465,3
DA:466,3
DA:467,4
DA:468,4
DA:469,4
LH:454
LF:469
end_of_record
SF:unittests.js
FN:19,anonymous_0
FN:22,anonymous_1
FN:25,anonymous_2
FN:28,anonymous_3
FN:31,anonymous_4
FN:34,anonymous_5
FN:41,anonymous_6
FN:48,anonymous_7
FN:51,anonymous_8
FN:56,anonymous_9
FN:59,anonymous_10
FN:62,anonymous_11
FN:65,anonymous_12
FN:68,anonymous_13
FN:71,anonymous_14
FN:75,anonymous_15
FN:80,anonymous_16
FN:84,method
FN:87,method
FN:94,anonymous_19
FN:98,anonymous_20
FN:102,anonymous_21
FN:106,anonymous_22
FN:109,anonymous_23
FN:113,anonymous_24
FN:117,anonymous_25
FN:121,anonymous_26
FN:125,anonymous_27
FN:128,anonymous_28
FN:131,anonymous_29
FN:134,anonymous_30
FN:139,anonymous_31
FN:144,anonymous_32
FN:148,anonymous_33
FN:155,anonymous_34
FN:159,anonymous_35
FN:166,anonymous_36
FN:182,anonymous_37
FN:198,anonymous_38
FN:209,anonymous_39
FN:217,anonymous_40
FN:221,anonymous_41
FN:225,anonymous_42
FN:228,anonymous_43
FN:232,anonymous_44
FN:236,anonymous_45
FN:242,anonymous_46
FN:245,anonymous_47
FN:246,anonymous_48
FN:248,anonymous_49
FN:250,anonymous_50
FN:254,anonymous_51
FN:257,anonymous_52
FN:262,anonymous_53
FN:267,anonymous_54
FN:273,anonymous_55
FN:281,anonymous_56
FN:282,anonymous_57
FN:283,anonymous_58
FN:294,anonymous_59
FN:300,anonymous_60
FN:307,anonymous_61
FN:314,anonymous_62
FN:320,anonymous_63
FN:324,anonymous_64
FN:329,anonymous_65
FN:334,anonymous_66
FN:341,anonymous_67
FN:342,anonymous_68
FN:349,anonymous_69
FN:354,anonymous_70
FN:360,anonymous_71
FN:361,anonymous_72
FN:369,anonymous_73
FN:381,anonymous_74
FN:382,anonymous_75
FN:385,anonymous_76
FN:389,anonymous_77
FN:393,anonymous_78
FN:397,anonymous_79
FN:403,anonymous_80
FN:407,anonymous_81
FN:411,anonymous_82
FN:416,anonymous_83
FN:421,anonymous_84
FN:430,anonymous_85
FN:436,anonymous_86
FN:442,anonymous_87
FN:448,anonymous_88
FN:453,anonymous_89
FN:459,anonymous_90
FN:465,anonymous_91
FN:471,anonymous_92
FN:475,anonymous_93
FN:481,anonymous_94
FN:482,anonymous_95
FN:485,anonymous_96
FN:488,anonymous_97
FN:491,anonymous_98
FN:494,anonymous_99
FN:497,anonymous_100
FN:500,anonymous_101
FN:503,anonymous_102
FN:508,anonymous_103
FN:509,anonymous_104
FN:535,anonymous_105
FN:563,anonymous_106
FN:564,anonymous_107
FN:569,anonymous_108
FN:575,anonymous_109
FN:580,anonymous_110
FN:586,anonymous_111
FN:591,anonymous_112
FN:592,anonymous_113
FN:596,anonymous_114
FN:602,anonymous_115
FN:611,anonymous_116
FN:615,anonymous_117
FN:626,anonymous_118
FN:627,anonymous_119
FN:631,anonymous_120
FN:636,anonymous_121
FN:640,anonymous_122
FN:644,anonymous_123
FN:648,anonymous_124
FN:653,anonymous_125
FN:658,anonymous_126
FN:663,anonymous_127
FN:669,anonymous_128
FN:675,anonymous_129
FN:678,anonymous_130
FN:681,anonymous_131
FN:684,anonymous_132
FN:687,anonymous_133
FN:690,anonymous_134
FN:693,anonymous_135
FN:696,anonymous_136
FN:700,anonymous_137
FN:706,anonymous_138
FN:711,anonymous_139
FN:716,anonymous_140
FN:721,anonymous_141
FN:724,anonymous_142
FN:727,anonymous_143
FN:730,anonymous_144
FN:733,anonymous_145
FN:746,anonymous_146
FN:750,anonymous_147
FN:754,anonymous_148
FN:758,anonymous_149
FN:764,anonymous_150
FN:770,anonymous_151
FN:776,anonymous_152
FN:779,anonymous_153
FN:782,anonymous_154
FN:785,anonymous_155
FN:791,anonymous_156
FN:802,anonymous_157
FN:807,anonymous_158
FN:820,anonymous_159
FN:833,anonymous_160
FN:838,anonymous_161
FN:842,anonymous_162
FN:845,anonymous_163
FN:848,anonymous_164
FN:852,anonymous_165
FN:856,anonymous_166
FN:860,anonymous_167
FN:864,anonymous_168
FN:871,anonymous_169
FN:872,anonymous_170
FN:873,anonymous_171
FN:878,anonymous_172
FN:884,anonymous_173
FN:891,anonymous_174
FN:898,anonymous_175
FN:903,anonymous_176
FN:908,anonymous_177
FN:913,anonymous_178
FN:918,anonymous_179
FN:923,anonymous_180
FN:928,anonymous_181
FN:933,anonymous_182
FN:938,anonymous_183
FN:943,anonymous_184
FN:950,anonymous_185
FN:952,anonymous_186
FN:955,anonymous_187
FN:959,anonymous_188
FN:963,anonymous_189
FN:967,anonymous_190
FN:970,anonymous_191
FN:974,anonymous_192
FN:978,anonymous_193
FN:982,anonymous_194
FN:986,anonymous_195
FN:991,anonymous_196
FN:993,anonymous_197
FN:997,anonymous_198
FN:1001,anonymous_199
FN:1005,anonymous_200
FN:1009,anonymous_201
FN:1013,anonymous_202
FN:1017,anonymous_203
FN:1021,anonymous_204
FN:1025,anonymous_205
FN:1029,anonymous_206
FN:1033,anonymous_207
FN:1037,anonymous_208
FN:1040,anonymous_209
FN:1043,anonymous_210
FN:1047,anonymous_211
FN:1051,anonymous_212
FN:1054,anonymous_213
FN:1057,anonymous_214
FN:1060,anonymous_215
FN:1063,anonymous_216
FN:1066,anonymous_217
FN:1071,anonymous_218
FN:1072,anonymous_219
FN:1079,anonymous_220
FN:1086,anonymous_221
FN:1091,anonymous_222
FN:1097,anonymous_223
FN:1102,anonymous_224
FN:1108,anonymous_225
FN:1125,anonymous_226
FN:1126,getTestDate
FN:1127,anonymous_228
FN:1128,anonymous_229
FN:1134,anonymous_230
FN:1140,anonymous_231
FN:1149,anonymous_232
FN:1158,anonymous_233
FN:1164,anonymous_234
FN:1174,anonymous_235
FN:1175,anonymous_236
FN:1180,anonymous_237
FN:1184,anonymous_238
FN:1189,anonymous_239
FN:1190,anonymous_240
FN:1196,anonymous_241
FN:1204,anonymous_242
FN:1212,anonymous_243
FN:1222,setUpTestForInfoExtension
FNDA:1,anonymous_0
FNDA:1,anonymous_1
FNDA:1,anonymous_2
FNDA:1,anonymous_3
FNDA:1,anonymous_4
FNDA:1,anonymous_5
FNDA:1,anonymous_6
FNDA:1,anonymous_7
FNDA:1,anonymous_8
FNDA:1,anonymous_9
FNDA:1,anonymous_10
FNDA:1,anonymous_11
FNDA:1,anonymous_12
FNDA:1,anonymous_13
FNDA:1,anonymous_14
FNDA:1,anonymous_15
FNDA:1,anonymous_16
FNDA:1,method
FNDA:2,method
FNDA:1,anonymous_19
FNDA:1,anonymous_20
FNDA:1,anonymous_21
FNDA:1,anonymous_22
FNDA:1,anonymous_23
FNDA:1,anonymous_24
FNDA:1,anonymous_25
FNDA:1,anonymous_26
FNDA:1,anonymous_27
FNDA:1,anonymous_28
FNDA:1,anonymous_29
FNDA:1,anonymous_30
FNDA:1,anonymous_31
FNDA:1,anonymous_32
FNDA:1,anonymous_33
FNDA:1,anonymous_34
FNDA:1,anonymous_35
FNDA:1,anonymous_36
FNDA:1,anonymous_37
FNDA:1,anonymous_38
FNDA:1,anonymous_39
FNDA:1,anonymous_40
FNDA:1,anonymous_41
FNDA:1,anonymous_42
FNDA:1,anonymous_43
FNDA:1,anonymous_44
FNDA:1,anonymous_45
FNDA:1,anonymous_46
FNDA:25,anonymous_47
FNDA:35,anonymous_48
FNDA:71,anonymous_49
FNDA:1,anonymous_50
FNDA:1,anonymous_51
FNDA:1,anonymous_52
FNDA:1,anonymous_53
FNDA:1,anonymous_54
FNDA:1,anonymous_55
FNDA:1,anonymous_56
FNDA:1,anonymous_57
FNDA:1,anonymous_58
FNDA:1,anonymous_59
FNDA:1,anonymous_60
FNDA:1,anonymous_61
FNDA:1,anonymous_62
FNDA:1,anonymous_63
FNDA:1,anonymous_64
FNDA:1,anonymous_65
FNDA:1,anonymous_66
FNDA:1,anonymous_67
FNDA:1,anonymous_68
FNDA:1,anonymous_69
FNDA:1,anonymous_70
FNDA:1,anonymous_71
FNDA:1,anonymous_72
FNDA:1,anonymous_73
FNDA:1,anonymous_74
FNDA:1,anonymous_75
FNDA:1,anonymous_76
FNDA:1,anonymous_77
FNDA:1,anonymous_78
FNDA:1,anonymous_79
FNDA:1,anonymous_80
FNDA:1,anonymous_81
FNDA:1,anonymous_82
FNDA:1,anonymous_83
FNDA:1,anonymous_84
FNDA:1,anonymous_85
FNDA:1,anonymous_86
FNDA:1,anonymous_87
FNDA:1,anonymous_88
FNDA:1,anonymous_89
FNDA:1,anonymous_90
FNDA:1,anonymous_91
FNDA:1,anonymous_92
FNDA:1,anonymous_93
FNDA:1,anonymous_94
FNDA:1,anonymous_95
FNDA:1,anonymous_96
FNDA:1,anonymous_97
FNDA:1,anonymous_98
FNDA:1,anonymous_99
FNDA:1,anonymous_100
FNDA:1,anonymous_101
FNDA:1,anonymous_102
FNDA:1,anonymous_103
FNDA:1,anonymous_104
FNDA:1,anonymous_105
FNDA:1,anonymous_106
FNDA:1,anonymous_107
FNDA:1,anonymous_108
FNDA:1,anonymous_109
FNDA:1,anonymous_110
FNDA:1,anonymous_111
FNDA:1,anonymous_112
FNDA:1,anonymous_113
FNDA:1,anonymous_114
FNDA:1,anonymous_115
FNDA:1,anonymous_116
FNDA:1,anonymous_117
FNDA:1,anonymous_118
FNDA:1,anonymous_119
FNDA:1,anonymous_120
FNDA:1,anonymous_121
FNDA:1,anonymous_122
FNDA:1,anonymous_123
FNDA:1,anonymous_124
FNDA:1,anonymous_125
FNDA:1,anonymous_126
FNDA:1,anonymous_127
FNDA:1,anonymous_128
FNDA:1,anonymous_129
FNDA:1,anonymous_130
FNDA:1,anonymous_131
FNDA:1,anonymous_132
FNDA:1,anonymous_133
FNDA:1,anonymous_134
FNDA:1,anonymous_135
FNDA:1,anonymous_136
FNDA:1,anonymous_137
FNDA:1,anonymous_138
FNDA:1,anonymous_139
FNDA:1,anonymous_140
FNDA:1,anonymous_141
FNDA:1,anonymous_142
FNDA:1,anonymous_143
FNDA:1,anonymous_144
FNDA:1,anonymous_145
FNDA:1,anonymous_146
FNDA:1,anonymous_147
FNDA:1,anonymous_148
FNDA:1,anonymous_149
FNDA:1,anonymous_150
FNDA:1,anonymous_151
FNDA:1,anonymous_152
FNDA:1,anonymous_153
FNDA:1,anonymous_154
FNDA:1,anonymous_155
FNDA:1,anonymous_156
FNDA:1,anonymous_157
FNDA:1,anonymous_158
FNDA:1,anonymous_159
FNDA:1,anonymous_160
FNDA:1,anonymous_161
FNDA:1,anonymous_162
FNDA:1,anonymous_163
FNDA:1,anonymous_164
FNDA:1,anonymous_165
FNDA:1,anonymous_166
FNDA:1,anonymous_167
FNDA:1,anonymous_168
FNDA:1,anonymous_169
FNDA:1,anonymous_170
FNDA:1,anonymous_171
FNDA:1,anonymous_172
FNDA:1,anonymous_173
FNDA:1,anonymous_174
FNDA:1,anonymous_175
FNDA:1,anonymous_176
FNDA:1,anonymous_177
FNDA:1,anonymous_178
FNDA:1,anonymous_179
FNDA:1,anonymous_180
FNDA:1,anonymous_181
FNDA:1,anonymous_182
FNDA:1,anonymous_183
FNDA:1,anonymous_184
FNDA:1,anonymous_185
FNDA:1,anonymous_186
FNDA:1,anonymous_187
FNDA:1,anonymous_188
FNDA:1,anonymous_189
FNDA:1,anonymous_190
FNDA:1,anonymous_191
FNDA:1,anonymous_192
FNDA:1,anonymous_193
FNDA:1,anonymous_194
FNDA:1,anonymous_195
FNDA:1,anonymous_196
FNDA:1,anonymous_197
FNDA:1,anonymous_198
FNDA:1,anonymous_199
FNDA:1,anonymous_200
FNDA:1,anonymous_201
FNDA:1,anonymous_202
FNDA:1,anonymous_203
FNDA:1,anonymous_204
FNDA:1,anonymous_205
FNDA:1,anonymous_206
FNDA:1,anonymous_207
FNDA:1,anonymous_208
FNDA:1,anonymous_209
FNDA:1,anonymous_210
FNDA:1,anonymous_211
FNDA:1,anonymous_212
FNDA:1,anonymous_213
FNDA:1,anonymous_214
FNDA:1,anonymous_215
FNDA:1,anonymous_216
FNDA:1,anonymous_217
FNDA:1,anonymous_218
FNDA:1,anonymous_219
FNDA:1,anonymous_220
FNDA:1,anonymous_221
FNDA:1,anonymous_222
FNDA:1,anonymous_223
FNDA:1,anonymous_224
FNDA:1,anonymous_225
FNDA:1,anonymous_226
FNDA:12,getTestDate
FNDA:1,anonymous_228
FNDA:1,anonymous_229
FNDA:1,anonymous_230
FNDA:1,anonymous_231
FNDA:1,anonymous_232
FNDA:1,anonymous_233
FNDA:1,anonymous_234
FNDA:1,anonymous_235
FNDA:1,anonymous_236
FNDA:1,anonymous_237
FNDA:1,anonymous_238
FNDA:1,anonymous_239
FNDA:1,anonymous_240
FNDA:1,anonymous_241
FNDA:1,anonymous_242
FNDA:1,anonymous_243
FNDA:1,setUpTestForInfoExtension
FNF:245
FNH:245
BRDA:1,0,0,1
BRDA:19,1,0,1
BRDA:22,2,0,1
BRDA:25,3,0,1
BRDA:28,4,0,1
BRDA:31,5,0,1
BRDA:34,6,0,1
BRDA:41,7,0,1
BRDA:48,8,0,1
BRDA:51,9,0,1
BRDA:56,10,0,1
BRDA:59,11,0,1
BRDA:62,12,0,1
BRDA:65,13,0,1
BRDA:68,14,0,1
BRDA:71,15,0,1
BRDA:75,16,0,1
BRDA:80,17,0,1
BRDA:84,18,0,1
BRDA:87,19,0,2
BRDA:89,20,0,1
BRDA:89,21,0,1
BRDA:90,22,0,1
BRDA:90,23,0,1
BRDA:94,24,0,1
BRDA:98,25,0,1
BRDA:102,26,0,1
BRDA:106,27,0,1
BRDA:109,28,0,1
BRDA:113,29,0,1
BRDA:117,30,0,1
BRDA:121,31,0,1
BRDA:125,32,0,1
BRDA:128,33,0,1
BRDA:131,34,0,1
BRDA:134,35,0,1
BRDA:139,36,0,1
BRDA:144,37,0,1
BRDA:148,38,0,1
BRDA:155,39,0,1
BRDA:159,40,0,1
BRDA:166,41,0,1
BRDA:182,42,0,1
BRDA:198,43,0,1
BRDA:209,44,0,1
BRDA:217,45,0,1
BRDA:221,46,0,1
BRDA:225,47,0,1
BRDA:228,48,0,1
BRDA:232,49,0,1
BRDA:236,50,0,1
BRDA:242,51,0,1
BRDA:245,52,0,25
BRDA:246,53,0,35
BRDA:248,54,0,71
BRDA:250,55,0,1
BRDA:254,56,0,1
BRDA:257,57,0,1
BRDA:262,58,0,1
BRDA:267,59,0,1
BRDA:273,60,0,1
BRDA:281,61,0,1
BRDA:282,62,0,1
BRDA:283,63,0,1
BRDA:294,64,0,1
BRDA:300,65,0,1
BRDA:307,66,0,1
BRDA:314,67,0,1
BRDA:320,68,0,1
BRDA:324,69,0,1
BRDA:329,70,0,1
BRDA:334,71,0,1
BRDA:341,72,0,1
BRDA:342,73,0,1
BRDA:349,74,0,1
BRDA:354,75,0,1
BRDA:360,76,0,1
BRDA:361,77,0,1
BRDA:364,78,0,0
BRDA:369,79,0,1
BRDA:372,80,0,0
BRDA:381,81,0,1
BRDA:382,82,0,1
BRDA:385,83,0,1
BRDA:389,84,0,1
BRDA:393,85,0,1
BRDA:397,86,0,1
BRDA:403,87,0,1
BRDA:407,88,0,1
BRDA:411,89,0,1
BRDA:416,90,0,1
BRDA:421,91,0,1
BRDA:430,92,0,1
BRDA:436,93,0,1
BRDA:442,94,0,1
BRDA:448,95,0,1
BRDA:453,96,0,1
BRDA:459,97,0,1
BRDA:465,98,0,1
BRDA:471,99,0,1
BRDA:475,100,0,1
BRDA:481,101,0,1
BRDA:482,102,0,1
BRDA:485,103,0,1
BRDA:488,104,0,1
BRDA:491,105,0,1
BRDA:494,106,0,1
BRDA:497,107,0,1
BRDA:500,108,0,1
BRDA:503,109,0,1
BRDA:508,110,0,1
BRDA:509,111,0,1
BRDA:535,112,0,1
BRDA:563,113,0,1
BRDA:564,114,0,1
BRDA:569,115,0,1
BRDA:575,116,0,1
BRDA:580,117,0,1
BRDA:586,118,0,1
BRDA:591,119,0,1
BRDA:592,120,0,1
BRDA:596,121,0,1
BRDA:602,122,0,1
BRDA:611,123,0,1
BRDA:615,124,0,1
BRDA:626,125,0,1
BRDA:627,126,0,1
BRDA:631,127,0,1
BRDA:636,128,0,1
BRDA:640,129,0,1
BRDA:644,130,0,1
BRDA:648,131,0,1
BRDA:653,132,0,1
BRDA:658,133,0,1
BRDA:663,134,0,1
BRDA:669,135,0,1
BRDA:675,136,0,1
BRDA:678,137,0,1
BRDA:681,138,0,1
BRDA:684,139,0,1
BRDA:687,140,0,1
BRDA:690,141,0,1
BRDA:693,142,0,1
BRDA:696,143,0,1
BRDA:700,144,0,1
BRDA:706,145,0,1
BRDA:711,146,0,1
BRDA:716,147,0,1
BRDA:721,148,0,1
BRDA:724,149,0,1
BRDA:727,150,0,1
BRDA:730,151,0,1
BRDA:733,152,0,1
BRDA:746,153,0,1
BRDA:750,154,0,1
BRDA:754,155,0,1
BRDA:758,156,0,1
BRDA:764,157,0,1
BRDA:770,158,0,1
BRDA:776,159,0,1
BRDA:779,160,0,1
BRDA:782,161,0,1
BRDA:785,162,0,1
BRDA:791,163,0,1
BRDA:794,164,0,0
BRDA:795,165,0,0
BRDA:802,166,0,1
BRDA:807,167,0,1
BRDA:820,168,0,1
BRDA:833,169,0,1
BRDA:838,170,0,1
BRDA:842,171,0,1
BRDA:845,172,0,1
BRDA:848,173,0,1
BRDA:852,174,0,1
BRDA:856,175,0,1
BRDA:860,176,0,1
BRDA:864,177,0,1
BRDA:871,178,0,1
BRDA:872,179,0,1
BRDA:873,180,0,1
BRDA:878,181,0,1
BRDA:884,182,0,1
BRDA:891,183,0,1
BRDA:898,184,0,1
BRDA:903,185,0,1
BRDA:908,186,0,1
BRDA:913,187,0,1
BRDA:918,188,0,1
BRDA:923,189,0,1
BRDA:928,190,0,1
BRDA:933,191,0,1
BRDA:938,192,0,1
BRDA:943,193,0,1
BRDA:950,194,0,1
BRDA:952,195,0,1
BRDA:955,196,0,1
BRDA:959,197,0,1
BRDA:963,198,0,1
BRDA:967,199,0,1
BRDA:970,200,0,1
BRDA:974,201,0,1
BRDA:978,202,0,1
BRDA:982,203,0,1
BRDA:986,204,0,1
BRDA:991,205,0,1
BRDA:993,206,0,1
BRDA:997,207,0,1
BRDA:1001,208,0,1
BRDA:1005,209,0,1
BRDA:1009,210,0,1
BRDA:1013,211,0,1
BRDA:1017,212,0,1
BRDA:1021,213,0,1
BRDA:1025,214,0,1
BRDA:1029,215,0,1
BRDA:1033,216,0,1
BRDA:1037,217,0,1
BRDA:1040,218,0,1
BRDA:1043,219,0,1
BRDA:1047,220,0,1
BRDA:1051,221,0,1
BRDA:1054,222,0,1
BRDA:1057,223,0,1
BRDA:1060,224,0,1
BRDA:1063,225,0,1
BRDA:1066,226,0,1
BRDA:1071,227,0,1
BRDA:1072,228,0,1
BRDA:1079,229,0,1
BRDA:1086,230,0,1
BRDA:1091,231,0,1
BRDA:1097,232,0,1
BRDA:1102,233,0,1
BRDA:1108,234,0,1
BRDA:1125,235,0,1
BRDA:1126,236,0,12
BRDA:1127,237,0,1
BRDA:1128,238,0,1
BRDA:1134,239,0,1
BRDA:1140,240,0,1
BRDA:1149,241,0,1
BRDA:1158,242,0,1
BRDA:1164,243,0,1
BRDA:1174,244,0,1
BRDA:1175,245,0,1
BRDA:1180,246,0,1
BRDA:1184,247,0,1
BRDA:1189,248,0,1
BRDA:1190,249,0,1
BRDA:1196,250,0,1
BRDA:1204,251,0,1
BRDA:1212,252,0,1
BRDA:1222,253,0,1
BRF:254
BRH:250
DA:1,1
DA:2,1
DA:3,1
DA:4,1
DA:5,1
DA:6,1
DA:7,1
DA:8,1
DA:9,1
DA:10,1
DA:11,1
DA:12,1
DA:13,1
DA:14,1
DA:15,1
DA:16,1
DA:17,1
DA:18,1
DA:19,1
DA:20,1
DA:21,1
DA:22,1
DA:23,1
DA:24,1
DA:25,1
DA:26,1
DA:27,1
DA:28,1
DA:29,1
DA:30,1
DA:31,1
DA:32,1
DA:33,1
DA:34,1
DA:35,1
DA:36,1
DA:37,1
DA:38,1
DA:39,1
DA:40,1
DA:41,1
DA:42,1
DA:43,1
DA:44,1
DA:45,1
DA:46,1
DA:47,1
DA:48,1
DA:49,1
DA:50,1
DA:51,1
DA:52,1
DA:53,1
DA:54,1
DA:55,1
DA:56,1
DA:57,1
DA:58,1
DA:59,1
DA:60,1
DA:61,1
DA:62,1
DA:63,1
DA:64,1
DA:65,1
DA:66,1
DA:67,1
DA:68,1
DA:69,1
DA:70,1
DA:71,1
DA:72,1
DA:73,1
DA:74,1
DA:75,1
DA:76,1
DA:77,1
DA:78,1
DA:79,1
DA:80,1
DA:81,1
DA:82,1
DA:83,1
DA:84,1
DA:85,1
DA:86,1
DA:87,1
DA:88,2
DA:89,2
DA:90,2
DA:91,1
DA:92,1
DA:93,1
DA:94,1
DA:95,1
DA:96,1
DA:97,1
DA:98,1
DA:99,1
DA:100,1
DA:101,1
DA:102,1
DA:103,1
DA:104,1
DA:105,1
DA:106,1
DA:107,1
DA:108,1
DA:109,1
DA:110,1
DA:111,1
DA:112,1
DA:113,1
DA:114,1
DA:115,1
DA:116,1
DA:117,1
DA:118,1
DA:119,1
DA:120,1
DA:121,1
DA:122,1
DA:123,1
DA:124,1
DA:125,1
DA:126,1
DA:127,1
DA:128,1
DA:129,1
DA:130,1
DA:131,1
DA:132,1
DA:133,1
DA:134,1
DA:135,1
DA:136,1
DA:137,1
DA:138,1
DA:139,1
DA:140,1
DA:141,1
DA:142,1
DA:143,1
DA:144,1
DA:145,1
DA:146,1
DA:147,1
DA:148,1
DA:149,1
DA:150,1
DA:151,1
DA:152,1
DA:153,1
DA:154,1
DA:155,1
DA:156,1
DA:157,1
DA:158,1
DA:159,1
DA:160,1
DA:161,1
DA:162,1
DA:163,1
DA:164,1
DA:165,1
DA:166,1
DA:167,1
DA:168,1
DA:169,1
DA:170,1
DA:171,1
DA:172,1
DA:173,1
DA:174,1
DA:175,1
DA:176,1
DA:177,1
DA:178,1
DA:179,1
DA:180,1
DA:181,1
DA:182,1
DA:183,1
DA:184,1
DA:185,1
DA:186,1
DA:187,1
DA:188,1
DA:189,1
DA:190,1
DA:191,1
DA:192,1
DA:193,1
DA:194,1
DA:195,1
DA:196,1
DA:197,1
DA:198,1
DA:199,1
DA:200,1
DA:201,1
DA:202,1
DA:203,1
DA:204,1
DA:205,1
DA:206,1
DA:207,1
DA:208,1
DA:209,1
DA:210,1
DA:211,1
DA:212,1
DA:213,1
DA:214,1
DA:215,1
DA:216,1
DA:217,1
DA:218,1
DA:219,1
DA:220,1
DA:221,1
DA:222,1
DA:223,1
DA:224,1
DA:225,1
DA:226,1
DA:227,1
DA:228,1
DA:229,1
DA:230,1
DA:231,1
DA:232,1
DA:233,1
DA:234,1
DA:235,1
DA:236,1
DA:237,1
DA:238,1
DA:239,1
DA:240,1
DA:241,1
DA:242,1
DA:243,1
DA:244,1
DA:245,1
DA:246,1
DA:247,1
DA:248,1
DA:249,1
DA:250,1
DA:251,1
DA:252,1
DA:253,1
DA:254,1
DA:255,1
DA:256,1
DA:257,1
DA:258,1
DA:259,1
DA:260,1
DA:261,1
DA:262,1
DA:263,1
DA:264,1
DA:265,1
DA:266,1
DA:267,1
DA:268,1
DA:269,1
DA:270,1
DA:271,1
DA:272,1
DA:273,1
DA:274,1
DA:275,1
DA:276,1
DA:277,1
DA:278,1
DA:279,1
DA:280,1
DA:281,1
DA:282,1
DA:283,1
DA:284,1
DA:285,1
DA:286,1
DA:287,1
DA:288,1
DA:289,1
DA:290,1
DA:291,1
DA:292,1
DA:293,1
DA:294,1
DA:295,1
DA:296,1
DA:297,1
DA:298,1
DA:299,1
DA:300,1
DA:301,1
DA:302,1
DA:303,1
DA:304,1
DA:305,1
DA:306,1
DA:307,1
DA:308,1
DA:309,1
DA:310,1
DA:311,1
DA:312,1
DA:313,1
DA:314,1
DA:315,1
DA:316,1
DA:317,1
DA:318,1
DA:319,1
DA:320,1
DA:321,1
DA:322,1
DA:323,1
DA:324,1
DA:325,1
DA:326,1
DA:327,1
DA:328,1
DA:329,1
DA:330,1
DA:331,1
DA:332,1
DA:333,1
DA:334,1
DA:335,1
DA:336,1
DA:337,1
DA:338,1
DA:339,1
DA:340,1
DA:341,1
DA:342,1
DA:343,1
DA:344,1
DA:345,1
DA:346,1
DA:347,1
DA:348,1
DA:349,1
DA:350,1
DA:351,1
DA:352,1
DA:353,1
DA:354,1
DA:355,1
DA:356,1
DA:357,1
DA:358,1
DA:359,1
DA:360,1
DA:361,1
DA:362,1
DA:363,1
DA:364,1
DA:365,1
DA:366,1
DA:367,1
DA:368,1
DA:369,1
DA:370,1
DA:371,1
DA:372,1
DA:373,1
DA:374,1
DA:375,1
DA:376,1
DA:377,1
DA:378,1
DA:379,1
DA:380,1
DA:381,1
DA:382,1
DA:383,1
DA:384,1
DA:385,1
DA:386,1
DA:387,1
DA:388,1
DA:389,1
DA:390,1
DA:391,1
DA:392,1
DA:393,1
DA:394,1
DA:395,1
DA:396,1
DA:397,1
DA:398,1
DA:399,1
DA:400,1
DA:401,1
DA:402,1
DA:403,1
DA:404,1
DA:405,1
DA:406,1
DA:407,1
DA:408,1
DA:409,1
DA:410,1
DA:411,1
DA:412,1
DA:413,1
DA:414,1
DA:415,1
DA:416,1
DA:417,1
DA:418,1
DA:419,1
DA:420,1
DA:421,1
DA:422,1
DA:423,1
DA:424,1
DA:425,1
DA:426,1
DA:427,1
DA:428,1
DA:429,1
DA:430,1
DA:431,1
DA:432,1
DA:433,1
DA:434,1
DA:435,1
DA:436,1
DA:437,1
DA:438,1
DA:439,1
DA:440,1
DA:441,1
DA:442,1
DA:443,1
DA:444,1
DA:445,1
DA:446,1
DA:447,1
DA:448,1
DA:449,1
DA:450,1
DA:451,1
DA:452,1
DA:453,1
DA:454,1
DA:455,1
DA:456,1
DA:457,1
DA:458,1
DA:459,1
DA:460,1
DA:461,1
DA:462,1
DA:463,1
DA:464,1
DA:465,1
DA:466,1
DA:467,1
DA:468,1
DA:469,1
DA:470,1
DA:471,1
DA:472,1
DA:473,1
DA:474,1
DA:475,1
DA:476,1
DA:477,1
DA:478,1
DA:479,1
DA:480,1
DA:481,1
DA:482,1
DA:483,1
DA:484,1
DA:485,1
DA:486,1
DA:487,1
DA:488,1
DA:489,1
DA:490,1
DA:491,1
DA:492,1
DA:493,1
DA:494,1
DA:495,1
DA:496,1
DA:497,1
DA:498,1
DA:499,1
DA:500,1
DA:501,1
DA:502,1
DA:503,1
DA:504,1
DA:505,1
DA:506,1
DA:507,1
DA:508,1
DA:509,1
DA:510,1
DA:511,1
DA:512,1
DA:513,1
DA:514,1
DA:515,1
DA:516,1
DA:517,1
DA:518,1
DA:519,1
DA:520,1
DA:521,1
DA:522,1
DA:523,1
DA:524,1
DA:525,1
DA:526,1
DA:527,1
DA:528,1
DA:529,1
DA:530,1
DA:531,1
DA:532,1
DA:533,1
DA:534,1
DA:535,1
DA:536,1
DA:537,1
DA:538,1
DA:539,1
DA:540,1
DA:541,1
DA:542,1
DA:543,1
DA:544,1
DA:545,1
DA:546,1
DA:547,1
DA:548,1
DA:549,1
DA:550,1
DA:551,1
DA:552,1
DA:553,1
DA:554,1
DA:555,1
DA:556,1
DA:557,1
DA:558,1
DA:559,1
DA:560,1
DA:561,1
DA:562,1
DA:563,1
DA:564,1
DA:565,1
DA:566,1
DA:567,1
DA:568,1
DA:569,1
DA:570,1
DA:571,1
DA:572,1
DA:573,1
DA:574,1
DA:575,1
DA:576,1
DA:577,1
DA:578,1
DA:579,1
DA:580,1
DA:581,1
DA:582,1
DA:583,1
DA:584,1
DA:585,1
DA:586,1
DA:587,1
DA:588,1
DA:589,1
DA:590,1
DA:591,1
DA:592,1
DA:593,1
DA:594,1
DA:595,1
DA:596,1
DA:597,1
DA:598,1
DA:599,1
DA:600,1
DA:601,1
DA:602,1
DA:603,1
DA:604,1
DA:605,1
DA:606,1
DA:607,1
DA:608,1
DA:609,1
DA:610,1
DA:611,1
DA:612,1
DA:613,1
DA:614,1
DA:615,1
DA:616,1
DA:617,1
DA:618,1
DA:619,1
DA:620,1
DA:621,1
DA:622,1
DA:623,1
DA:624,1
DA:625,1
DA:626,1
DA:627,1
DA:628,1
DA:629,1
DA:630,1
DA:631,1
DA:632,1
DA:633,1
DA:634,1
DA:635,1
DA:636,1
DA:637,1
DA:638,1
DA:639,1
DA:640,1
DA:641,1
DA:642,1
DA:643,1
DA:644,1
DA:645,1
DA:646,1
DA:647,1
DA:648,1
DA:649,1
DA:650,1
DA:651,1
DA:652,1
DA:653,1
DA:654,1
DA:655,1
DA:656,1
DA:657,1
DA:658,1
DA:659,1
DA:660,1
DA:661,1
DA:662,1
DA:663,1
DA:664,1
DA:665,1
DA:666,1
DA:667,1
DA:668,1
DA:669,1
DA:670,1
DA:671,1
DA:672,1
DA:673,1
DA:674,1
DA:675,1
DA:676,1
DA:677,1
DA:678,1
DA:679,1
DA:680,1
DA:681,1
DA:682,1
DA:683,1
DA:684,1
DA:685,1
DA:686,1
DA:687,1
DA:688,1
DA:689,1
DA:690,1
DA:691,1
DA:692,1
DA:693,1
DA:694,1
DA:695,1
DA:696,1
DA:697,1
DA:698,1
DA:699,1
DA:700,1
DA:701,1
DA:702,1
DA:703,1
DA:704,1
DA:705,1
DA:706,1
DA:707,1
DA:708,1
DA:709,1
DA:710,1
DA:711,1
DA:712,1
DA:713,1
DA:714,1
DA:715,1
DA:716,1
DA:717,1
DA:718,1
DA:719,1
DA:720,1
DA:721,1
DA:722,1
DA:723,1
DA:724,1
DA:725,1
DA:726,1
DA:727,1
DA:728,1
DA:729,1
DA:730,1
DA:731,1
DA:732,1
DA:733,1
DA:734,1
DA:735,1
DA:736,1
DA:737,1
DA:738,1
DA:739,1
DA:740,1
DA:741,1
DA:742,1
DA:743,1
DA:744,1
DA:745,1
DA:746,1
DA:747,1
DA:748,1
DA:749,1
DA:750,1
DA:751,1
DA:752,1
DA:753,1
DA:754,1
DA:755,1
DA:756,1
DA:757,1
DA:758,1
DA:759,1
DA:760,1
DA:761,1
DA:762,1
DA:763,1
DA:764,1
DA:765,1
DA:766,1
DA:767,1
DA:768,1
DA:769,1
DA:770,1
DA:771,1
DA:772,1
DA:773,1
DA:774,1
DA:775,1
DA:776,1
DA:777,1
DA:778,1
DA:779,1
DA:780,1
DA:781,1
DA:782,1
DA:783,1
DA:784,1
DA:785,1
DA:786,1
DA:787,1
DA:788,1
DA:789,1
DA:790,1
DA:791,1
DA:792,1
DA:793,1
DA:794,1
DA:795,1
DA:796,1
DA:797,1
DA:798,1
DA:799,1
DA:800,1
DA:801,1
DA:802,1
DA:803,1
DA:804,1
DA:805,1
DA:806,1
DA:807,1
DA:808,1
DA:809,1
DA:810,1
DA:811,1
DA:812,1
DA:813,1
DA:814,1
DA:815,1
DA:816,1
DA:817,1
DA:818,1
DA:819,1
DA:820,1
DA:821,1
DA:822,1
DA:823,1
DA:824,1
DA:825,1
DA:826,1
DA:827,1
DA:828,1
DA:829,1
DA:830,1
DA:831,1
DA:832,1
DA:833,1
DA:834,1
DA:835,1
DA:836,1
DA:837,1
DA:838,1
DA:839,1
DA:840,1
DA:841,1
DA:842,1
DA:843,1
DA:844,1
DA:845,1
DA:846,1
DA:847,1
DA:848,1
DA:849,1
DA:850,1
DA:851,1
DA:852,1
DA:853,1
DA:854,1
DA:855,1
DA:856,1
DA:857,1
DA:858,1
DA:859,1
DA:860,1
DA:861,1
DA:862,1
DA:863,1
DA:864,1
DA:865,1
DA:866,1
DA:867,1
DA:868,1
DA:869,1
DA:870,1
DA:871,1
DA:872,1
DA:873,1
DA:874,1
DA:875,1
DA:876,1
DA:877,1
DA:878,1
DA:879,1
DA:880,1
DA:881,1
DA:882,1
DA:883,1
DA:884,1
DA:885,1
DA:886,1
DA:887,1
DA:888,1
DA:889,1
DA:890,1
DA:891,1
DA:892,1
DA:893,1
DA:894,1
DA:895,1
DA:896,1
DA:897,1
DA:898,1
DA:899,1
DA:900,1
DA:901,1
DA:902,1
DA:903,1
DA:904,1
DA:905,1
DA:906,1
DA:907,1
DA:908,1
DA:909,1
DA:910,1
DA:911,1
DA:912,1
DA:913,1
DA:914,1
DA:915,1
DA:916,1
DA:917,1
DA:918,1
DA:919,1
DA:920,1
DA:921,1
DA:922,1
DA:923,1
DA:924,1
DA:925,1
DA:926,1
DA:927,1
DA:928,1
DA:929,1
DA:930,1
DA:931,1
DA:932,1
DA:933,1
DA:934,1
DA:935,1
DA:936,1
DA:937,1
DA:938,1
DA:939,1
DA:940,1
DA:941,1
DA:942,1
DA:943,1
DA:944,1
DA:945,1
DA:946,1
DA:947,1
DA:948,1
DA:949,1
DA:950,1
DA:951,1
DA:952,1
DA:953,1
DA:954,1
DA:955,1
DA:956,1
DA:957,1
DA:958,1
DA:959,1
DA:960,1
DA:961,1
DA:962,1
DA:963,1
DA:964,1
DA:965,1
DA:966,1
DA:967,1
DA:968,1
DA:969,1
DA:970,1
DA:971,1
DA:972,1
DA:973,1
DA:974,1
DA:975,1
DA:976,1
DA:977,1
DA:978,1
DA:979,1
DA:980,1
DA:981,1
DA:982,1
DA:983,1
DA:984,1
DA:985,1
DA:986,1
DA:987,1
DA:988,1
DA:989,1
DA:990,1
DA:991,1
DA:992,1
DA:993,1
DA:994,1
DA:995,1
DA:996,1
DA:997,1
DA:998,1
DA:999,1
DA:1000,1
DA:1001,1
DA:1002,1
DA:1003,1
DA:1004,1
DA:1005,1
DA:1006,1
DA:1007,1
DA:1008,1
DA:1009,1
DA:1010,1
DA:1011,1
DA:1012,1
DA:1013,1
DA:1014,1
DA:1015,1
DA:1016,1
DA:1017,1
DA:1018,1
DA:1019,1
DA:1020,1
DA:1021,1
DA:1022,1
DA:1023,1
DA:1024,1
DA:1025,1
DA:1026,1
DA:1027,1
DA:1028,1
DA:1029,1
DA:1030,1
DA:1031,1
DA:1032,1
DA:1033,1
DA:1034,1
DA:1035,1
DA:1036,1
DA:1037,1
DA:1038,1
DA:1039,1
DA:1040,1
DA:1041,1
DA:1042,1
DA:1043,1
DA:1044,1
DA:1045,1
DA:1046,1
DA:1047,1
DA:1048,1
DA:1049,1
DA:1050,1
DA:1051,1
DA:1052,1
DA:1053,1
DA:1054,1
DA:1055,1
DA:1056,1
DA:1057,1
DA:1058,1
DA:1059,1
DA:1060,1
DA:1061,1
DA:1062,1
DA:1063,1
DA:1064,1
DA:1065,1
DA:1066,1
DA:1067,1
DA:1068,1
DA:1069,1
DA:1070,1
DA:1071,1
DA:1072,1
DA:1073,1
DA:1074,1
DA:1075,1
DA:1076,1
DA:1077,1
DA:1078,1
DA:1079,1
DA:1080,1
DA:1081,1
DA:1082,1
DA:1083,1
DA:1084,1
DA:1085,1
DA:1086,1
DA:1087,1
DA:1088,1
DA:1089,1
DA:1090,1
DA:1091,1
DA:1092,1
DA:1093,1
DA:1094,1
DA:1095,1
DA:1096,1
DA:1097,1
DA:1098,1
DA:1099,1
DA:1100,1
DA:1101,1
DA:1102,1
DA:1103,1
DA:1104,1
DA:1105,1
DA:1106,1
DA:1107,1
DA:1108,1
DA:1109,1
DA:1110,1
DA:1111,1
DA:1112,1
DA:1113,1
DA:1114,1
DA:1115,1
DA:1116,1
DA:1117,1
DA:1118,1
DA:1119,1
DA:1120,1
DA:1121,1
DA:1122,1
DA:1123,1
DA:1124,1
DA:1125,1
DA:1126,1
DA:1127,1
DA:1128,1
DA:1129,1
DA:1130,1
DA:1131,1
DA:1132,1
DA:1133,1
DA:1134,1
DA:1135,1
DA:1136,1
DA:1137,1
DA:1138,1
DA:1139,1
DA:1140,1
DA:1141,1
DA:1142,1
DA:1143,1
DA:1144,1
DA:1145,1
DA:1146,1
DA:1147,1
DA:1148,1
DA:1149,1
DA:1150,1
DA:1151,1
DA:1152,1
DA:1153,1
DA:1154,1
DA:1155,1
DA:1156,1
DA:1157,1
DA:1158,1
DA:1159,1
DA:1160,1
DA:1161,1
DA:1162,1
DA:1163,1
DA:1164,1
DA:1165,1
DA:1166,1
DA:1167,1
DA:1168,1
DA:1169,1
DA:1170,1
DA:1171,1
DA:1172,1
DA:1173,1
DA:1174,1
DA:1175,1
DA:1176,1
DA:1177,1
DA:1178,1
DA:1179,1
DA:1180,1
DA:1181,1
DA:1182,1
DA:1183,1
DA:1184,1
DA:1185,1
DA:1186,1
DA:1187,1
DA:1188,1
DA:1189,1
DA:1190,1
DA:1191,1
DA:1192,1
DA:1193,1
DA:1194,1
DA:1195,1
DA:1196,1
DA:1197,1
DA:1198,1
DA:1199,1
DA:1200,1
DA:1201,1
DA:1202,1
DA:1203,1
DA:1204,1
DA:1205,1
DA:1206,1
DA:1207,1
DA:1208,1
DA:1209,1
DA:1210,1
DA:1211,1
DA:1212,1
DA:1213,1
DA:1214,1
DA:1215,1
DA:1216,1
DA:1217,1
DA:1218,1
DA:1219,1
DA:1220,1
DA:1221,1
DA:1222,1
DA:1223,1
DA:1224,1
DA:1225,1
DA:1226,1
DA:1227,1
DA:1228,1
DA:1229,1
DA:1230,1
DA:1231,1
DA:1232,1
DA:1233,1
DA:1234,1
DA:1235,1
DA:1236,1
DA:1237,1
DA:1238,1
DA:1239,1
DA:1240,1
DA:1241,1
DA:1242,1
DA:1243,1
DA:1244,1
DA:1245,1
DA:1246,1
DA:1247,1
DA:1248,1
DA:1249,1
DA:1250,1
DA:1251,1
DA:1252,1
DA:1253,1
DA:1254,1
DA:1255,1
DA:1256,1
DA:1257,1
DA:1258,1
DA:1259,1
DA:1260,1
DA:1261,1
DA:1262,1
DA:1263,1
DA:1264,1
DA:1265,1
DA:1266,1
DA:1267,1
DA:1268,1
DA:1269,1
DA:1270,1
DA:1271,1
DA:1272,1
DA:1273,1
DA:1274,1
DA:1275,1
DA:1276,1
DA:1277,1
DA:1278,1
DA:1279,1
DA:1280,1
DA:1281,1
DA:1282,1
DA:1283,1
DA:1284,1
DA:1285,1
DA:1286,1
DA:1287,1
DA:1288,1
DA:1289,1
DA:1290,1
DA:1291,1
DA:1292,1
DA:1293,1
DA:1294,1
DA:1295,1
DA:1296,1
DA:1297,1
DA:1298,1
DA:1299,1
DA:1300,1
DA:1301,1
DA:1302,1
DA:1303,1
DA:1304,1
DA:1305,1
DA:1306,1
DA:1307,1
DA:1308,1
DA:1309,1
DA:1310,1
DA:1311,1
DA:1312,1
DA:1313,1
DA:1314,1
DA:1315,1
DA:1316,1
DA:1317,1
DA:1318,1
DA:1319,1
DA:1320,1
DA:1321,1
DA:1322,1
DA:1323,1
DA:1324,1
LH:1324
LF:1324
end_of_record
