TN:
SF:..\index.js
FN:13,ctor
FNDA:1459,ctor
FNF:1
FNH:1
BRDA:1,0,0,1
BRDA:13,1,0,1459
BRDA:14,2,0,1458
BRDA:14,3,0,1455
BRDA:14,4,0,1454
BRDA:14,5,0,1447
BRDA:14,6,0,1446
BRDA:14,7,0,1447
BRDA:14,8,0,1446
BRDA:15,9,0,12
BRDA:15,10,0,1447
BRDA:16,11,0,12
BRDA:16,12,0,1447
BRDA:16,13,0,1309
BRF:14
BRH:14
DA:1,1
DA:2,1
DA:3,1
DA:4,1
DA:5,1
DA:6,1
DA:7,1
DA:8,1
DA:9,1
DA:10,1
DA:11,1
DA:12,1
DA:13,1459
DA:14,1459
DA:15,1459
DA:16,1459
DA:17,1459
DA:18,1459
DA:19,1459
DA:20,1459
DA:21,1459
LH:21
LF:21
end_of_record
SF:..\src\extensions.js
FN:14,instanceCreator
FN:16,add
FN:17,between
FN:18,cloneWith
FN:19,daysUntil
FN:20,differenceTo
FN:21,differenceUntil
FN:22,firstWeekday
FN:23,format
FN:24,fullMonth
FN:25,isFuture
FN:26,isPast
FN:27,next
FN:28,offsetFrom
FN:29,previous
FN:30,relocate
FN:31,revalue
FN:32,subtract
FN:33,toArray
FN:34,toString
FN:35,values
FN:36,zoneFormat
FN:38,set date
FN:39,set dateNr
FN:40,set hours
FN:41,set localeInfo
FN:42,set milliseconds
FN:43,set minutes
FN:44,set month
FN:45,set seconds
FN:46,set time
FN:47,set year
FN:49,get age
FN:50,get ageFull
FN:51,get clone
FN:52,get date
FN:53,get dateNr
FN:54,get dateTime
FN:55,get dateTimeValues
FN:56,get dateValues
FN:57,get day
FN:58,get dayName
FN:59,get daysThisMonth
FN:60,get DSTActive
FN:61,get hasDST
FN:62,get hours
FN:63,get info
FN:64,get isLeapYear
FN:65,get ISO
FN:66,get local
FN:67,get localDate
FN:68,get locale
FN:69,get localeInfo
FN:70,get localeString
FN:71,get localTime
FN:72,get milliseconds
FN:73,get minutes
FN:74,get month
FN:75,get monthName
FN:76,get names
FN:77,get quarter
FN:78,get quarterNr
FN:79,get removeTime
FN:80,get seconds
FN:81,get time
FN:82,get timeValues
FN:83,get timeZone
FN:84,get unixEpochTimestamp
FN:85,get userLocaleInfo
FN:86,get UTC
FN:87,get UTCOffset
FN:88,get value
FN:89,get weeknr
FN:90,get weeksInYear
FN:91,get year
FN:92,get zoneDate
FN:93,get zoneDateNr
FN:94,get zoneDateTime
FN:95,get zoneDateTimeValues
FN:96,get zoneDateValues
FN:97,get zoneDay
FN:98,get zoneDayname
FN:99,get zoneHours
FN:100,get zoneMinutes
FN:101,get zoneMonth
FN:102,get zoneMonthname
FN:103,get zoneNames
FN:104,get zoneSeconds
FN:105,get zoneTime
FN:106,get zoneTimeValues
FN:107,get zoneYear
FN:113,value
FN:119,value
FN:121,anonymous_93
FNDA:1462,instanceCreator
FNDA:398,add
FNDA:10,between
FNDA:5,cloneWith
FNDA:2,daysUntil
FNDA:11,differenceTo
FNDA:1,differenceUntil
FNDA:2,firstWeekday
FNDA:457,format
FNDA:1,fullMonth
FNDA:3,isFuture
FNDA:3,isPast
FNDA:1,next
FNDA:20,offsetFrom
FNDA:3,previous
FNDA:1766,relocate
FNDA:6,revalue
FNDA:3,subtract
FNDA:5,toArray
FNDA:101,toString
FNDA:2,values
FNDA:2,zoneFormat
FNDA:18,set date
FNDA:3,set dateNr
FNDA:3,set hours
FNDA:3233,set localeInfo
FNDA:52,set milliseconds
FNDA:2,set minutes
FNDA:2,set month
FNDA:2,set seconds
FNDA:7,set time
FNDA:3,set year
FNDA:1,get age
FNDA:1,get ageFull
FNDA:1103,get clone
FNDA:137,get date
FNDA:18,get dateNr
FNDA:8,get dateTime
FNDA:1115,get dateTimeValues
FNDA:1,get dateValues
FNDA:7,get day
FNDA:6,get dayName
FNDA:0,get daysThisMonth
FNDA:15,get DSTActive
FNDA:27,get hasDST
FNDA:10,get hours
FNDA:4,get info
FNDA:4,get isLeapYear
FNDA:23,get ISO
FNDA:13,get local
FNDA:2,get localDate
FNDA:86,get locale
FNDA:1419,get localeInfo
FNDA:2,get localeString
FNDA:2,get localTime
FNDA:6,get milliseconds
FNDA:4,get minutes
FNDA:28,get month
FNDA:5,get monthName
FNDA:11,get names
FNDA:4,get quarter
FNDA:2,get quarterNr
FNDA:3,get removeTime
FNDA:4,get seconds
FNDA:27,get time
FNDA:1,get timeValues
FNDA:598,get timeZone
FNDA:2,get unixEpochTimestamp
FNDA:1,get userLocaleInfo
FNDA:60,get UTC
FNDA:3,get UTCOffset
FNDA:86,get value
FNDA:2,get weeknr
FNDA:2,get weeksInYear
FNDA:77,get year
FNDA:9,get zoneDate
FNDA:0,get zoneDateNr
FNDA:9,get zoneDateTime
FNDA:2,get zoneDateTimeValues
FNDA:1,get zoneDateValues
FNDA:0,get zoneDay
FNDA:3,get zoneDayname
FNDA:0,get zoneHours
FNDA:0,get zoneMinutes
FNDA:0,get zoneMonth
FNDA:7,get zoneMonthname
FNDA:23,get zoneNames
FNDA:0,get zoneSeconds
FNDA:9,get zoneTime
FNDA:1,get zoneTimeValues
FNDA:0,get zoneYear
FNDA:1459,value
FNDA:1459,value
FNDA:20426,anonymous_93
FNF:94
FNH:86
BRDA:1,0,0,1
BRDA:14,1,0,1462
BRDA:110,2,0,3
BRDA:16,3,0,398
BRDA:17,4,0,10
BRDA:18,5,0,5
BRDA:19,6,0,2
BRDA:20,7,0,11
BRDA:21,8,0,1
BRDA:22,9,0,2
BRDA:23,10,0,457
BRDA:24,11,0,1
BRDA:25,12,0,3
BRDA:26,13,0,3
BRDA:27,14,0,1
BRDA:28,15,0,20
BRDA:29,16,0,3
BRDA:30,17,0,1766
BRDA:31,18,0,6
BRDA:32,19,0,3
BRDA:33,20,0,5
BRDA:34,21,0,101
BRDA:35,22,0,2
BRDA:35,23,0,1
BRDA:35,24,0,1
BRDA:36,25,0,2
BRDA:38,26,0,18
BRDA:39,27,0,3
BRDA:40,28,0,3
BRDA:41,29,0,3233
BRDA:42,30,0,52
BRDA:43,31,0,2
BRDA:44,32,0,2
BRDA:45,33,0,2
BRDA:46,34,0,7
BRDA:47,35,0,3
BRDA:49,36,0,1
BRDA:50,37,0,1
BRDA:51,38,0,1103
BRDA:52,39,0,137
BRDA:53,40,0,18
BRDA:54,41,0,8
BRDA:55,42,0,1115
BRDA:56,43,0,1
BRDA:57,44,0,7
BRDA:58,45,0,6
BRDA:60,46,0,15
BRDA:61,47,0,27
BRDA:62,48,0,10
BRDA:63,49,0,4
BRDA:64,50,0,4
BRDA:65,51,0,23
BRDA:66,52,0,13
BRDA:67,53,0,2
BRDA:68,54,0,86
BRDA:68,55,0,0
BRDA:69,56,0,1419
BRDA:70,57,0,2
BRDA:71,58,0,2
BRDA:72,59,0,6
BRDA:73,60,0,4
BRDA:74,61,0,28
BRDA:75,62,0,5
BRDA:76,63,0,11
BRDA:77,64,0,4
BRDA:78,65,0,2
BRDA:79,66,0,3
BRDA:80,67,0,4
BRDA:81,68,0,27
BRDA:82,69,0,1
BRDA:83,70,0,598
BRDA:83,71,0,0
BRDA:84,72,0,2
BRDA:85,73,0,1
BRDA:86,74,0,60
BRDA:87,75,0,3
BRDA:88,76,0,86
BRDA:89,77,0,2
BRDA:90,78,0,2
BRDA:91,79,0,77
BRDA:92,80,0,9
BRDA:94,81,0,9
BRDA:95,82,0,2
BRDA:96,83,0,1
BRDA:98,84,0,3
BRDA:102,85,0,7
BRDA:103,86,0,23
BRDA:105,87,0,9
BRDA:106,88,0,1
BRDA:113,89,0,1459
BRDA:119,90,0,1459
BRDA:121,91,0,20426
BRF:92
BRH:90
DA:1,1
DA:2,1
DA:3,1
DA:4,1
DA:5,1
DA:6,1
DA:7,1
DA:8,1
DA:9,1
DA:10,1
DA:11,1
DA:12,1
DA:13,1
DA:14,1462
DA:15,1462
DA:16,1462
DA:17,1462
DA:18,1462
DA:19,1462
DA:20,1462
DA:21,1462
DA:22,1462
DA:23,1462
DA:24,1462
DA:25,1462
DA:26,1462
DA:27,1462
DA:28,1462
DA:29,1462
DA:30,1462
DA:31,1462
DA:32,1462
DA:33,1462
DA:34,1462
DA:35,1462
DA:36,1462
DA:37,1462
DA:38,1462
DA:39,1462
DA:40,1462
DA:41,1462
DA:42,1462
DA:43,1462
DA:44,1462
DA:45,1462
DA:46,1462
DA:47,1462
DA:48,1462
DA:49,1462
DA:50,1462
DA:51,1462
DA:52,1462
DA:53,1462
DA:54,1462
DA:55,1462
DA:56,1462
DA:57,1462
DA:58,1462
DA:59,1462
DA:60,1462
DA:61,1462
DA:62,1462
DA:63,1462
DA:64,1462
DA:65,1462
DA:66,1462
DA:67,1462
DA:68,1462
DA:69,1462
DA:70,1462
DA:71,1462
DA:72,1462
DA:73,1462
DA:74,1462
DA:75,1462
DA:76,1462
DA:77,1462
DA:78,1462
DA:79,1462
DA:80,1462
DA:81,1462
DA:82,1462
DA:83,1462
DA:84,1462
DA:85,1462
DA:86,1462
DA:87,1462
DA:88,1462
DA:89,1462
DA:90,1462
DA:91,1462
DA:92,1462
DA:93,1462
DA:94,1462
DA:95,1462
DA:96,1462
DA:97,1462
DA:98,1462
DA:99,1462
DA:100,1462
DA:101,1462
DA:102,1462
DA:103,1462
DA:104,1462
DA:105,1462
DA:106,1462
DA:107,1462
DA:108,1462
DA:109,1462
DA:110,1462
DA:111,1462
DA:112,1462
DA:113,1462
DA:114,1459
DA:115,1459
DA:116,1462
DA:117,1462
DA:118,1462
DA:119,1462
DA:120,1459
DA:121,1459
DA:122,1462
DA:123,1462
DA:124,1462
DA:125,1462
DA:126,1462
DA:127,1462
DA:128,1462
LH:128
LF:128
end_of_record
SF:..\src\Factories\dateAddFactory.js
FN:3,dateAddFactory
FN:8,anonymous_1
FN:12,aggregateArguments
FN:18,anonymous_3
FN:19,anonymous_4
FN:23,anonymous_5
FN:27,anonymous_6
FN:31,anonymous_7
FN:36,anonymous_8
FN:39,anonymous_9
FN:45,anonymous_10
FNDA:1,dateAddFactory
FNDA:8,anonymous_1
FNDA:431,aggregateArguments
FNDA:4,anonymous_3
FNDA:0,anonymous_4
FNDA:431,anonymous_5
FNDA:435,anonymous_6
FNDA:870,anonymous_7
FNDA:435,anonymous_8
FNDA:431,anonymous_9
FNDA:435,anonymous_10
FNF:11
FNH:10
BRDA:1,0,0,1
BRDA:3,1,0,1
BRDA:8,2,0,8
BRDA:12,3,0,431
BRDA:16,4,0,3
BRDA:19,5,0,0
BRDA:22,6,0,428
BRDA:18,7,0,4
BRDA:23,8,0,431
BRDA:27,9,0,435
BRDA:28,10,0,0
BRDA:30,11,0,0
BRDA:31,12,0,870
BRDA:34,13,0,434
BRDA:34,14,0,4
BRDA:34,15,0,430
BRDA:34,16,0,436
BRDA:36,17,0,435
BRDA:39,18,0,431
BRDA:40,19,0,0
BRDA:45,20,0,435
BRDA:48,21,0,433
BRDA:48,22,0,432
BRF:23
BRH:19
DA:1,1
DA:2,1
DA:3,1
DA:4,1
DA:5,1
DA:6,1
DA:7,1
DA:8,1
DA:9,1
DA:10,1
DA:11,1
DA:12,1
DA:13,431
DA:14,431
DA:15,431
DA:16,431
DA:17,3
DA:18,3
DA:19,3
DA:20,3
DA:21,431
DA:22,431
DA:23,428
DA:24,428
DA:25,431
DA:26,431
DA:27,431
DA:28,435
DA:29,435
DA:30,435
DA:31,435
DA:32,870
DA:33,870
DA:34,870
DA:35,435
DA:36,431
DA:37,431
DA:38,1
DA:39,1
DA:40,431
DA:41,431
DA:42,431
DA:43,431
DA:44,431
DA:45,431
DA:46,435
DA:47,435
DA:48,435
DA:49,432
DA:50,432
DA:51,435
DA:52,431
DA:53,431
DA:54,431
DA:55,431
DA:56,1
DA:57,1
LH:57
LF:57
end_of_record
SF:..\src\Factories\dateDiffFactory.js
FN:3,dateDiffFactory
FN:4,checkParams
FN:26,getDifference
FN:82,stringifyComposed
FN:83,pipe
FN:83,anonymous_5
FN:83,anonymous_6
FN:84,singleOrMultiple
FN:85,filterRelevant
FN:86,anonymous_9
FN:87,aggregateDiffs
FN:88,anonymous_11
FN:89,stringifyDiffs
FN:89,anonymous_13
FN:91,diffs2SingleString
FNDA:1,dateDiffFactory
FNDA:36,checkParams
FNDA:36,getDifference
FNDA:1,stringifyComposed
FNDA:1,pipe
FNDA:72,anonymous_5
FNDA:288,anonymous_6
FNDA:274,singleOrMultiple
FNDA:72,filterRelevant
FNDA:964,anonymous_9
FNDA:72,aggregateDiffs
FNDA:216,anonymous_11
FNDA:72,stringifyDiffs
FNDA:274,anonymous_13
FNDA:72,diffs2SingleString
FNF:15
FNH:15
BRDA:1,0,0,1
BRDA:3,1,0,1
BRDA:4,2,0,36
BRDA:7,3,0,0
BRDA:12,4,0,0
BRDA:17,5,0,0
BRDA:17,6,0,0
BRDA:26,7,0,36
BRDA:28,8,0,22
BRDA:28,9,0,14
BRDA:29,10,0,0
BRDA:58,11,0,33
BRDA:58,12,0,3
BRDA:62,13,0,6
BRDA:62,14,0,30
BRDA:63,15,0,2
BRDA:63,16,0,34
BRDA:64,17,0,8
BRDA:64,18,0,28
BRDA:65,19,0,9
BRDA:65,20,0,27
BRDA:67,21,0,33
BRDA:67,22,0,3
BRDA:68,23,0,4
BRDA:68,24,0,32
BRDA:69,25,0,4
BRDA:69,26,0,32
BRDA:71,27,0,6
BRDA:71,28,0,30
BRDA:72,29,0,2
BRDA:72,30,0,34
BRDA:73,31,0,9
BRDA:73,32,0,27
BRDA:75,33,0,33
BRDA:75,34,0,3
BRDA:76,35,0,4
BRDA:76,36,0,32
BRDA:77,37,0,4
BRDA:77,38,0,32
BRDA:82,39,0,1
BRDA:83,40,0,1
BRDA:83,41,0,72
BRDA:83,42,0,288
BRDA:84,43,0,274
BRDA:84,44,0,2
BRDA:84,45,0,272
BRDA:85,46,0,72
BRDA:86,47,0,964
BRDA:87,48,0,72
BRDA:88,49,0,36
BRDA:88,50,0,36
BRDA:88,51,0,216
BRDA:88,52,0,0
BRDA:89,53,0,72
BRDA:89,54,0,274
BRDA:91,55,0,72
BRDA:92,56,0,0
BRDA:93,57,0,42
BRDA:93,58,0,30
BRF:59
BRH:52
DA:1,1
DA:2,1
DA:3,1
DA:4,1
DA:5,36
DA:6,36
DA:7,36
DA:8,0
DA:9,0
DA:10,0
DA:11,36
DA:12,36
DA:13,0
DA:14,0
DA:15,0
DA:16,36
DA:17,36
DA:18,0
DA:19,0
DA:20,0
DA:21,36
DA:22,1
DA:23,1
DA:24,1
DA:25,1
DA:26,1
DA:27,36
DA:28,36
DA:29,36
DA:30,36
DA:31,36
DA:32,36
DA:33,36
DA:34,36
DA:35,36
DA:36,36
DA:37,36
DA:38,36
DA:39,36
DA:40,36
DA:41,36
DA:42,36
DA:43,36
DA:44,36
DA:45,36
DA:46,36
DA:47,36
DA:48,36
DA:49,36
DA:50,36
DA:51,36
DA:52,36
DA:53,36
DA:54,36
DA:55,36
DA:56,36
DA:57,36
DA:58,36
DA:59,36
DA:60,36
DA:61,36
DA:62,36
DA:63,36
DA:64,36
DA:65,36
DA:66,36
DA:67,36
DA:68,36
DA:69,36
DA:70,36
DA:71,36
DA:72,36
DA:73,36
DA:74,36
DA:75,36
DA:76,36
DA:77,36
DA:78,36
DA:79,36
DA:80,1
DA:81,1
DA:82,1
DA:83,1
DA:84,1
DA:85,1
DA:86,1
DA:87,1
DA:88,1
DA:89,1
DA:90,1
DA:91,1
DA:92,72
DA:93,1
DA:94,1
DA:95,1
DA:96,1
LH:87
LF:96
end_of_record
SF:..\src\Factories\dateFormatFactory.js
FN:4,DateFormatFactory
FN:33,tzn
FN:34,hrc
FN:35,ds
FN:36,ts
FN:37,tz
FN:38,e
FN:39,l
FN:44,retrieveDyn
FN:48,get re
FN:50,extractFromTemplate
FN:52,anonymous_11
FN:57,get texts
FN:58,formatString
FN:59,set formatStr
FN:60,get formatStr
FN:61,get units
FN:62,finalize
FN:69,anonymous_18
FN:74,unSpacify
FN:75,getOpts
FN:75,anonymous_21
FN:78,dtNoParts
FN:83,getMonthName
FN:85,dtFormatted
FN:89,checkNumeric
FN:93,anonymous_26
FN:99,anonymous_27
FN:107,anonymous_28
FNDA:1,DateFormatFactory
FNDA:190,tzn
FNDA:150,hrc
FNDA:0,ds
FNDA:0,ts
FNDA:458,tz
FNDA:0,e
FNDA:306,l
FNDA:2836,retrieveDyn
FNDA:932,get re
FNDA:466,extractFromTemplate
FNDA:0,anonymous_11
FNDA:0,get texts
FNDA:0,formatString
FNDA:466,set formatStr
FNDA:466,get formatStr
FNDA:466,get units
FNDA:466,finalize
FNDA:0,anonymous_18
FNDA:466,unSpacify
FNDA:466,getOpts
FNDA:2836,anonymous_21
FNDA:0,dtNoParts
FNDA:130,getMonthName
FNDA:466,dtFormatted
FNDA:2344,checkNumeric
FNDA:3556,anonymous_26
FNDA:1717,anonymous_27
FNDA:466,anonymous_28
FNF:29
FNH:21
BRDA:1,0,0,1
BRDA:4,1,0,1
BRDA:33,2,0,190
BRDA:34,3,0,150
BRDA:37,4,0,458
BRDA:39,5,0,306
BRDA:44,6,0,2836
BRDA:46,7,0,1104
BRDA:48,8,0,932
BRDA:50,9,0,466
BRDA:59,10,0,466
BRDA:60,11,0,466
BRDA:61,12,0,466
BRDA:61,13,0,0
BRDA:62,14,0,466
BRDA:74,15,0,466
BRDA:75,16,0,466
BRDA:75,17,0,2836
BRDA:76,18,0,1732
BRDA:83,19,0,130
BRDA:84,20,0,95
BRDA:84,21,0,35
BRDA:85,22,0,466
BRDA:95,23,0,2
BRDA:95,24,0,464
BRDA:96,25,0,0
BRDA:89,26,0,2344
BRDA:89,27,0,317
BRDA:90,28,0,3
BRDA:90,29,0,2341
BRDA:93,30,0,3556
BRDA:94,31,0,1545
BRDA:94,32,0,1212
BRDA:94,33,0,2344
BRDA:99,34,0,1717
BRDA:101,35,0,130
BRDA:102,36,0,1587
BRDA:102,37,0,0
BRDA:107,38,0,466
BRDA:108,39,0,0
BRDA:109,40,0,0
BRF:41
BRH:36
DA:1,1
DA:2,1
DA:3,1
DA:4,1
DA:5,1
DA:6,1
DA:7,1
DA:8,1
DA:9,1
DA:10,1
DA:11,1
DA:12,1
DA:13,1
DA:14,1
DA:15,1
DA:16,1
DA:17,1
DA:18,1
DA:19,1
DA:20,1
DA:21,1
DA:22,1
DA:23,1
DA:24,1
DA:25,1
DA:26,1
DA:27,1
DA:28,1
DA:29,1
DA:30,1
DA:31,1
DA:32,1
DA:33,1
DA:34,1
DA:35,1
DA:36,1
DA:37,1
DA:38,1
DA:39,1
DA:40,1
DA:41,1
DA:42,1
DA:43,1
DA:44,1
DA:45,2836
DA:46,2836
DA:47,1
DA:48,1
DA:49,1
DA:50,1
DA:51,466
DA:52,466
DA:53,466
DA:54,466
DA:55,466
DA:56,466
DA:57,466
DA:58,466
DA:59,466
DA:60,466
DA:61,466
DA:62,466
DA:63,466
DA:64,466
DA:65,466
DA:66,466
DA:67,466
DA:68,466
DA:69,466
DA:70,466
DA:71,466
DA:72,466
DA:73,1
DA:74,1
DA:75,1
DA:76,466
DA:77,1
DA:78,1
DA:79,0
DA:80,0
DA:81,0
DA:82,1
DA:83,1
DA:84,1
DA:85,1
DA:86,466
DA:87,466
DA:88,466
DA:89,466
DA:90,466
DA:91,466
DA:92,466
DA:93,466
DA:94,466
DA:95,466
DA:96,466
DA:97,466
DA:98,466
DA:99,466
DA:100,1717
DA:101,1717
DA:102,466
DA:103,466
DA:104,466
DA:105,466
DA:106,1
DA:107,1
DA:108,466
DA:109,1
DA:110,1
LH:107
LF:110
end_of_record
SF:..\src\genericHelpers.js
FN:11,retrieveFormattingFormats
FN:15,anonymous_1
FN:18,localeWeekdays
FN:22,anonymous_3
FN:25,anonymous_4
FN:30,localeMonthnames
FN:35,anonymous_6
FN:38,anonymous_7
FN:43,calenderForYear
FN:46,anonymous_9
FN:56,calendarForMonth
FN:71,addFormatOptions
FN:77,localeInfoValidator
FN:85,setLocaleInfo
FN:89,valiDate
FN:96,retrieveDateValueFromInput
FN:110,timeAcrossZones
FN:136,isNumberOrNumberString
FN:140,aggregateDateAdder
FN:145,retrieveAggregates
FN:147,addYears
FN:150,addMonths
FN:153,addWeeks
FN:157,addDays
FN:160,get nextYear
FN:163,get nextWeek
FN:166,get previousWeek
FN:169,get previousYear
FN:172,get nextMonth
FN:175,get previousMonth
FN:178,get tomorrow
FN:181,get yesterday
FN:187,getAggregates
FN:191,anonymous_33
FN:196,get
FN:205,value
FN:214,createExtendedCTOR
FN:217,get
FN:222,get
FN:225,value
FN:230,value
FN:235,value
FN:249,value
FN:250,value
FN:257,value
FN:268,value
FN:277,value
FN:285,value
FN:287,get
FN:289,anonymous_49
FN:298,anonymous_50
FN:306,getTraps
FN:308,get
FN:311,anonymous_53
FN:325,set
FN:334,has
FNDA:9845,retrieveFormattingFormats
FNDA:19690,anonymous_1
FNDA:39,localeWeekdays
FNDA:273,anonymous_3
FNDA:273,anonymous_4
FNDA:40,localeMonthnames
FNDA:480,anonymous_6
FNDA:480,anonymous_7
FNDA:12,calenderForYear
FNDA:12,anonymous_9
FNDA:3,calendarForMonth
FNDA:9811,addFormatOptions
FNDA:6578,localeInfoValidator
FNDA:3233,setLocaleInfo
FNDA:292,valiDate
FNDA:1447,retrieveDateValueFromInput
FNDA:2,timeAcrossZones
FNDA:355,isNumberOrNumberString
FNDA:17,aggregateDateAdder
FNDA:1462,retrieveAggregates
FNDA:5,addYears
FNDA:2,addMonths
FNDA:2,addWeeks
FNDA:8,addDays
FNDA:1,get nextYear
FNDA:1,get nextWeek
FNDA:1,get previousWeek
FNDA:1,get previousYear
FNDA:1,get nextMonth
FNDA:1,get previousMonth
FNDA:1,get tomorrow
FNDA:1,get yesterday
FNDA:1462,getAggregates
FNDA:2918,anonymous_33
FNDA:1,get
FNDA:2,value
FNDA:1,createExtendedCTOR
FNDA:86,get
FNDA:10,get
FNDA:5,value
FNDA:5,value
FNDA:3,value
FNDA:1139,value
FNDA:3,value
FNDA:3,value
FNDA:4,value
FNDA:2,value
FNDA:0,value
FNDA:3,get
FNDA:6,anonymous_49
FNDA:1014,anonymous_50
FNDA:1459,getTraps
FNDA:19385,get
FNDA:9964,anonymous_53
FNDA:1863,set
FNDA:0,has
FNF:56
FNH:54
BRDA:1,0,0,1
BRDA:11,1,0,9845
BRDA:13,2,0,0
BRDA:13,3,0,0
BRDA:14,4,0,0
BRDA:15,5,0,19690
BRDA:18,6,0,39
BRDA:22,7,0,273
BRDA:25,8,0,273
BRDA:30,9,0,40
BRDA:35,10,0,480
BRDA:38,11,0,480
BRDA:43,12,0,1
BRDA:44,13,0,0
BRDA:48,14,0,12
BRDA:46,15,0,12
BRDA:56,16,0,3
BRDA:57,17,0,2
BRDA:57,18,0,2
BRDA:59,19,0,2
BRDA:59,20,0,1
BRDA:60,21,0,1
BRDA:60,22,0,2
BRDA:62,23,0,1
BRDA:66,24,0,2
BRDA:71,25,0,9811
BRDA:77,26,0,6578
BRDA:79,27,0,1460
BRDA:79,28,0,1432
BRDA:80,29,0,0
BRDA:85,30,0,3233
BRDA:89,31,0,292
BRDA:90,32,0,291
BRDA:91,33,0,291
BRDA:93,34,0,291
BRDA:93,35,0,1
BRDA:96,36,0,1447
BRDA:100,37,0,58
BRDA:100,38,0,1446
BRDA:102,39,0,1154
BRDA:103,40,0,5
BRDA:103,41,0,1149
BRDA:104,42,0,234
BRDA:106,43,0,1
BRDA:110,44,0,2
BRDA:112,45,0,0
BRDA:121,46,0,0
BRDA:123,47,0,1
BRDA:123,48,0,1
BRDA:136,49,0,355
BRDA:137,50,0,111
BRDA:140,51,0,17
BRDA:142,52,0,16
BRDA:142,53,0,1
BRDA:145,54,0,1462
BRDA:147,55,0,5
BRDA:150,56,0,2
BRDA:153,57,0,2
BRDA:154,58,0,0
BRDA:157,59,0,8
BRDA:160,60,0,1
BRDA:163,61,0,1
BRDA:166,62,0,1
BRDA:169,63,0,1
BRDA:172,64,0,1
BRDA:175,65,0,1
BRDA:178,66,0,1
BRDA:181,67,0,1
BRDA:187,68,0,1462
BRDA:190,69,0,3
BRDA:190,70,0,1459
BRDA:191,71,0,2918
BRDA:192,72,0,1459
BRDA:196,73,0,1
BRDA:205,74,0,2
BRDA:214,75,0,1
BRDA:217,76,0,86
BRDA:222,77,0,10
BRDA:225,78,0,5
BRDA:230,79,0,5
BRDA:235,80,0,3
BRDA:237,81,0,1
BRDA:237,82,0,2
BRDA:238,83,0,0
BRDA:249,84,0,1139
BRDA:250,85,0,3
BRDA:251,86,0,2
BRDA:251,87,0,1
BRDA:252,88,0,2
BRDA:252,89,0,1
BRDA:253,90,0,2
BRDA:257,91,0,3
BRDA:258,92,0,1
BRDA:258,93,0,0
BRDA:258,94,0,1
BRDA:268,95,0,4
BRDA:269,96,0,1
BRDA:269,97,0,0
BRDA:269,98,0,1
BRDA:270,99,0,1
BRDA:270,100,0,1
BRDA:270,101,0,3
BRDA:272,102,0,0
BRDA:277,103,0,2
BRDA:287,104,0,3
BRDA:289,105,0,6
BRDA:298,106,0,1014
BRDA:306,107,0,1459
BRDA:308,108,0,19385
BRDA:309,109,0,19284
BRDA:310,110,0,9968
BRDA:310,111,0,9968
BRDA:312,112,0,9316
BRDA:314,113,0,0
BRDA:317,114,0,9417
BRDA:319,115,0,9283
BRDA:321,116,0,134
BRDA:311,117,0,9964
BRDA:325,118,0,1863
BRDA:329,119,0,0
BRF:120
BRH:106
DA:1,1
DA:2,1
DA:3,1
DA:4,1
DA:5,1
DA:6,1
DA:7,1
DA:8,1
DA:9,1
DA:10,1
DA:11,9845
DA:12,9845
DA:13,9845
DA:14,9845
DA:15,9845
DA:16,9845
DA:17,1
DA:18,39
DA:19,39
DA:20,39
DA:21,39
DA:22,39
DA:23,39
DA:24,39
DA:25,39
DA:26,39
DA:27,39
DA:28,39
DA:29,1
DA:30,40
DA:31,40
DA:32,40
DA:33,40
DA:34,40
DA:35,40
DA:36,40
DA:37,40
DA:38,40
DA:39,40
DA:40,40
DA:41,40
DA:42,1
DA:43,1
DA:44,1
DA:45,1
DA:46,1
DA:47,1
DA:48,1
DA:49,12
DA:50,12
DA:51,12
DA:52,1
DA:53,1
DA:54,1
DA:55,1
DA:56,3
DA:57,3
DA:58,3
DA:59,3
DA:60,3
DA:61,3
DA:62,3
DA:63,1
DA:64,1
DA:65,1
DA:66,1
DA:67,2
DA:68,2
DA:69,3
DA:70,1
DA:71,9811
DA:72,9811
DA:73,9811
DA:74,9811
DA:75,9811
DA:76,1
DA:77,6578
DA:78,6578
DA:79,6578
DA:80,6578
DA:81,0
DA:82,0
DA:83,6578
DA:84,1
DA:85,3233
DA:86,3233
DA:87,3233
DA:88,1
DA:89,292
DA:90,292
DA:91,292
DA:92,291
DA:93,292
DA:94,292
DA:95,1
DA:96,1447
DA:97,1447
DA:98,1447
DA:99,1447
DA:100,1447
DA:101,58
DA:102,1447
DA:103,1154
DA:104,1447
DA:105,234
DA:106,1447
DA:107,1447
DA:108,1447
DA:109,1
DA:110,2
DA:111,2
DA:112,2
DA:113,2
DA:114,2
DA:115,2
DA:116,2
DA:117,2
DA:118,2
DA:119,2
DA:120,2
DA:121,2
DA:122,2
DA:123,2
DA:124,2
DA:125,2
DA:126,2
DA:127,2
DA:128,2
DA:129,2
DA:130,2
DA:131,2
DA:132,2
DA:133,2
DA:134,2
DA:135,1
DA:136,355
DA:137,355
DA:138,355
DA:139,1
DA:140,17
DA:141,17
DA:142,17
DA:143,17
DA:144,1
DA:145,1462
DA:146,1462
DA:147,1462
DA:148,5
DA:149,1462
DA:150,1462
DA:151,2
DA:152,1462
DA:153,1462
DA:154,2
DA:155,2
DA:156,1462
DA:157,1462
DA:158,8
DA:159,1462
DA:160,1462
DA:161,1
DA:162,1462
DA:163,1462
DA:164,1
DA:165,1462
DA:166,1462
DA:167,1
DA:168,1462
DA:169,1462
DA:170,1
DA:171,1462
DA:172,1462
DA:173,1
DA:174,1462
DA:175,1462
DA:176,1
DA:177,1462
DA:178,1462
DA:179,1
DA:180,1462
DA:181,1462
DA:182,1
DA:183,1462
DA:184,1462
DA:185,1462
DA:186,1
DA:187,1462
DA:188,1462
DA:189,1462
DA:190,1462
DA:191,1459
DA:192,2918
DA:193,1459
DA:194,1459
DA:195,1459
DA:196,1459
DA:197,1459
DA:198,1459
DA:199,1459
DA:200,1459
DA:201,1459
DA:202,1459
DA:203,1459
DA:204,1459
DA:205,1459
DA:206,1459
DA:207,1459
DA:208,1459
DA:209,1459
DA:210,1462
DA:211,1462
DA:212,1462
DA:213,1
DA:214,1
DA:215,1
DA:216,1
DA:217,1
DA:218,86
DA:219,86
DA:220,1
DA:221,1
DA:222,1
DA:223,1
DA:224,1
DA:225,1
DA:226,5
DA:227,5
DA:228,1
DA:229,1
DA:230,1
DA:231,5
DA:232,5
DA:233,1
DA:234,1
DA:235,1
DA:236,3
DA:237,3
DA:238,3
DA:239,0
DA:240,0
DA:241,1
DA:242,1
DA:243,1
DA:244,1
DA:245,1
DA:246,1
DA:247,1
DA:248,1
DA:249,1
DA:250,1
DA:251,3
DA:252,3
DA:253,3
DA:254,3
DA:255,1
DA:256,1
DA:257,1
DA:258,3
DA:259,3
DA:260,3
DA:261,3
DA:262,3
DA:263,3
DA:264,3
DA:265,3
DA:266,1
DA:267,1
DA:268,1
DA:269,4
DA:270,4
DA:271,4
DA:272,4
DA:273,4
DA:274,4
DA:275,1
DA:276,1
DA:277,1
DA:278,2
DA:279,2
DA:280,2
DA:281,2
DA:282,1
DA:283,1
DA:284,1
DA:285,1
DA:286,1
DA:287,1
DA:288,3
DA:289,3
DA:290,3
DA:291,3
DA:292,3
DA:293,3
DA:294,3
DA:295,3
DA:296,3
DA:297,3
DA:298,3
DA:299,3
DA:300,1
DA:301,1
DA:302,1
DA:303,1
DA:304,1
DA:305,1
DA:306,1459
DA:307,1459
DA:308,1459
DA:309,19385
DA:310,19284
DA:311,9968
DA:312,9968
DA:313,9316
DA:314,19284
DA:315,0
DA:316,0
DA:317,19284
DA:318,9417
DA:319,19385
DA:320,9283
DA:321,9283
DA:322,134
DA:323,19385
DA:324,1459
DA:325,1459
DA:326,1863
DA:327,1863
DA:328,1863
DA:329,1863
DA:330,0
DA:331,0
DA:332,0
DA:333,1459
DA:334,1459
DA:335,1459
DA:336,1459
LH:327
LF:336
end_of_record
SF:..\src\instanceHelpers.js
FN:25,addParts2Date
FN:30,compareDates
FN:42,format
FN:58,formatLocal
FN:67,daysUntil
FN:72,getNames
FN:87,getTime
FN:95,getTimeValues
FN:105,getFullDate
FN:114,getDateValues
FN:124,firstWeekday
FN:128,zoneDiff
FN:133,anonymous_12
FN:137,timezoneAwareDifferenceTo
FN:151,anonymous_14
FN:162,flipSign
FN:166,offsetFrom
FN:183,pad0
FN:187,maybePlural
FN:191,timeDiffenceInWords
FN:202,toFormattedJSDateString
FN:206,toJSDateString
FN:217,getDowNumber
FN:226,getAggregatedInfo
FN:279,getDTValues
FN:300,daysInMonth
FN:304,fullMonth
FN:308,anonymous_27
FN:311,nextOrPrevious
FN:325,findDayRecursive
FN:331,toLocalString
FN:343,DTInTimezone
FN:348,setDateParts
FN:355,setTimeParts
FN:363,isDateOrInstance
FN:367,cloneInstance
FN:375,weekdayFactory
FN:381,anonymous_37
FN:388,setProxy
FN:392,offset2Number
FN:396,anonymous_40
FN:403,removeTime
FN:408,getTimezoneName
FN:413,hasDST
FN:420,DSTActive
FN:424,relocate
FN:433,revalue
FN:439,getWeeksInYear
FN:444,getQuarter
FN:454,getISO8601Weeknr
FNDA:401,addParts2Date
FNDA:16,compareDates
FNDA:459,format
FNDA:457,formatLocal
FNDA:2,daysUntil
FNDA:34,getNames
FNDA:36,getTime
FNDA:38,getTimeValues
FNDA:146,getFullDate
FNDA:2,getDateValues
FNDA:2,firstWeekday
FNDA:34,zoneDiff
FNDA:68,anonymous_12
FNDA:34,timezoneAwareDifferenceTo
FNDA:68,anonymous_14
FNDA:3,flipSign
FNDA:23,offsetFrom
FNDA:46,pad0
FNDA:91,maybePlural
FNDA:23,timeDiffenceInWords
FNDA:6,toFormattedJSDateString
FNDA:101,toJSDateString
FNDA:4,getDowNumber
FNDA:4,getAggregatedInfo
FNDA:1122,getDTValues
FNDA:13,daysInMonth
FNDA:13,fullMonth
FNDA:382,anonymous_27
FNDA:6,nextOrPrevious
FNDA:6,findDayRecursive
FNDA:19,toLocalString
FNDA:68,DTInTimezone
FNDA:26,setDateParts
FNDA:66,setTimeParts
FNDA:1114,isDateOrInstance
FNDA:1108,cloneInstance
FNDA:1,weekdayFactory
FNDA:10,anonymous_37
FNDA:0,setProxy
FNDA:70,offset2Number
FNDA:140,anonymous_40
FNDA:3,removeTime
FNDA:54,getTimezoneName
FNDA:27,hasDST
FNDA:15,DSTActive
FNDA:1766,relocate
FNDA:6,revalue
FNDA:2,getWeeksInYear
FNDA:6,getQuarter
FNDA:4,getISO8601Weeknr
FNF:50
FNH:49
BRDA:1,0,0,1
BRDA:25,1,0,401
BRDA:30,2,0,16
BRDA:32,3,0,5
BRDA:32,4,0,5
BRDA:32,5,0,0
BRDA:33,6,0,14
BRDA:33,7,0,9
BRDA:33,8,0,7
BRDA:33,9,0,14
BRDA:33,10,0,7
BRDA:33,11,0,2
BRDA:38,12,0,3
BRDA:38,13,0,13
BRDA:38,14,0,3
BRDA:38,15,0,10
BRDA:39,16,0,4
BRDA:39,17,0,6
BRDA:39,18,0,8
BRDA:39,19,0,4
BRDA:39,20,0,4
BRDA:42,21,0,459
BRDA:43,22,0,457
BRDA:45,23,0,2
BRDA:48,24,0,0
BRDA:49,25,0,2
BRDA:51,26,0,0
BRDA:53,27,0,2
BRDA:58,28,0,457
BRDA:61,29,0,25
BRDA:62,30,0,0
BRDA:63,31,0,25
BRDA:67,32,0,2
BRDA:68,33,0,0
BRDA:72,34,0,34
BRDA:73,35,0,23
BRDA:73,36,0,11
BRDA:87,37,0,36
BRDA:89,38,0,9
BRDA:89,39,0,27
BRDA:95,40,0,38
BRDA:96,41,0,10
BRDA:96,42,0,28
BRDA:105,43,0,146
BRDA:106,44,0,9
BRDA:106,45,0,137
BRDA:109,46,0,9
BRDA:109,47,0,137
BRDA:114,48,0,2
BRDA:115,49,0,1
BRDA:124,50,0,2
BRDA:125,51,0,1
BRDA:125,52,0,1
BRDA:128,53,0,34
BRDA:129,54,0,31
BRDA:129,55,0,3
BRDA:130,56,0,24
BRDA:130,57,0,10
BRDA:133,58,0,68
BRDA:133,59,0,10
BRDA:133,60,0,58
BRDA:137,61,0,34
BRDA:138,62,0,0
BRDA:142,63,0,3
BRDA:150,64,0,7
BRDA:150,65,0,27
BRDA:157,66,0,1
BRDA:158,67,0,33
BRDA:158,68,0,0
BRDA:151,69,0,68
BRDA:162,70,0,3
BRDA:163,71,0,1
BRDA:163,72,0,2
BRDA:166,73,0,23
BRDA:167,74,0,20
BRDA:169,75,0,3
BRDA:170,76,0,20
BRDA:170,77,0,0
BRDA:173,78,0,20
BRDA:173,79,0,3
BRDA:183,80,0,46
BRDA:187,81,0,91
BRDA:188,82,0,41
BRDA:188,83,0,85
BRDA:188,84,0,6
BRDA:191,85,0,23
BRDA:192,86,0,0
BRDA:197,87,0,0
BRDA:199,88,0,14
BRDA:199,89,0,9
BRDA:202,90,0,6
BRDA:203,91,0,1
BRDA:206,92,0,101
BRDA:207,93,0,6
BRDA:209,94,0,95
BRDA:217,95,0,4
BRDA:219,96,0,0
BRDA:226,97,0,4
BRDA:279,98,0,1122
BRDA:280,99,0,1116
BRDA:290,100,0,6
BRDA:300,101,0,13
BRDA:304,102,0,13
BRDA:308,103,0,382
BRDA:311,104,0,6
BRDA:315,105,0,0
BRDA:320,106,0,1
BRDA:320,107,0,5
BRDA:325,108,0,6
BRDA:327,109,0,0
BRDA:331,110,0,19
BRDA:332,111,0,0
BRDA:337,112,0,2
BRDA:338,113,0,17
BRDA:339,114,0,2
BRDA:340,115,0,15
BRDA:343,116,0,68
BRDA:348,117,0,26
BRDA:349,118,0,4
BRDA:350,119,0,18
BRDA:351,120,0,4
BRDA:355,121,0,66
BRDA:356,122,0,7
BRDA:357,123,0,6
BRDA:358,124,0,6
BRDA:359,125,0,56
BRDA:363,126,0,1114
BRDA:364,127,0,9
BRDA:364,128,0,1111
BRDA:364,129,0,6
BRDA:367,130,0,1108
BRDA:368,131,0,2
BRDA:369,132,0,1
BRDA:370,133,0,1106
BRDA:375,134,0,1
BRDA:381,135,0,10
BRDA:384,136,0,6
BRDA:384,137,0,4
BRDA:392,138,0,70
BRDA:398,139,0,0
BRDA:396,140,0,140
BRDA:396,141,0,20
BRDA:396,142,0,120
BRDA:403,143,0,3
BRDA:408,144,0,54
BRDA:413,145,0,27
BRDA:420,146,0,15
BRDA:421,147,0,14
BRDA:421,148,0,1
BRDA:424,149,0,1766
BRDA:426,150,0,22
BRDA:426,151,0,22
BRDA:427,152,0,1762
BRDA:427,153,0,112
BRDA:427,154,0,112
BRDA:433,155,0,6
BRDA:434,156,0,1
BRDA:434,157,0,5
BRDA:435,158,0,2
BRDA:435,159,0,2
BRDA:439,160,0,2
BRDA:440,161,0,0
BRDA:441,162,0,0
BRDA:444,163,0,6
BRDA:447,164,0,3
BRDA:447,165,0,0
BRDA:448,166,0,1
BRDA:448,167,0,0
BRDA:449,168,0,1
BRDA:449,169,0,0
BRDA:450,170,0,1
BRDA:450,171,0,0
BRDA:454,172,0,4
BRDA:461,173,0,3
BRF:174
BRH:153
DA:1,1
DA:2,1
DA:3,1
DA:4,1
DA:5,1
DA:6,1
DA:7,1
DA:8,1
DA:9,1
DA:10,1
DA:11,1
DA:12,1
DA:13,1
DA:14,1
DA:15,1
DA:16,1
DA:17,1
DA:18,1
DA:19,1
DA:20,1
DA:21,1
DA:22,1
DA:23,1
DA:24,1
DA:25,401
DA:26,401
DA:27,401
DA:28,401
DA:29,1
DA:30,16
DA:31,16
DA:32,16
DA:33,16
DA:34,16
DA:35,16
DA:36,16
DA:37,16
DA:38,16
DA:39,16
DA:40,16
DA:41,1
DA:42,459
DA:43,459
DA:44,457
DA:45,457
DA:46,2
DA:47,459
DA:48,459
DA:49,459
DA:50,459
DA:51,459
DA:52,0
DA:53,0
DA:54,2
DA:55,2
DA:56,459
DA:57,1
DA:58,457
DA:59,457
DA:60,457
DA:61,457
DA:62,457
DA:63,457
DA:64,457
DA:65,457
DA:66,1
DA:67,2
DA:68,2
DA:69,2
DA:70,2
DA:71,1
DA:72,34
DA:73,34
DA:74,34
DA:75,34
DA:76,34
DA:77,34
DA:78,34
DA:79,34
DA:80,34
DA:81,34
DA:82,34
DA:83,34
DA:84,34
DA:85,34
DA:86,1
DA:87,36
DA:88,36
DA:89,36
DA:90,36
DA:91,36
DA:92,36
DA:93,36
DA:94,1
DA:95,38
DA:96,38
DA:97,38
DA:98,38
DA:99,38
DA:100,38
DA:101,38
DA:102,38
DA:103,38
DA:104,1
DA:105,146
DA:106,146
DA:107,146
DA:108,146
DA:109,146
DA:110,146
DA:111,146
DA:112,146
DA:113,1
DA:114,2
DA:115,2
DA:116,1
DA:117,1
DA:118,1
DA:119,1
DA:120,1
DA:121,1
DA:122,2
DA:123,1
DA:124,2
DA:125,2
DA:126,2
DA:127,1
DA:128,34
DA:129,34
DA:130,34
DA:131,34
DA:132,34
DA:133,34
DA:134,34
DA:135,34
DA:136,1
DA:137,34
DA:138,34
DA:139,0
DA:140,0
DA:141,34
DA:142,34
DA:143,3
DA:144,3
DA:145,34
DA:146,34
DA:147,34
DA:148,34
DA:149,34
DA:150,34
DA:151,34
DA:152,34
DA:153,34
DA:154,34
DA:155,34
DA:156,34
DA:157,34
DA:158,34
DA:159,34
DA:160,34
DA:161,1
DA:162,3
DA:163,3
DA:164,3
DA:165,1
DA:166,23
DA:167,23
DA:168,23
DA:169,23
DA:170,23
DA:171,23
DA:172,23
DA:173,23
DA:174,23
DA:175,23
DA:176,23
DA:177,23
DA:178,23
DA:179,23
DA:180,23
DA:181,23
DA:182,1
DA:183,46
DA:184,46
DA:185,46
DA:186,1
DA:187,91
DA:188,91
DA:189,91
DA:190,1
DA:191,23
DA:192,23
DA:193,23
DA:194,23
DA:195,23
DA:196,23
DA:197,23
DA:198,0
DA:199,23
DA:200,23
DA:201,1
DA:202,6
DA:203,6
DA:204,6
DA:205,1
DA:206,101
DA:207,101
DA:208,6
DA:209,6
DA:210,95
DA:211,95
DA:212,95
DA:213,95
DA:214,95
DA:215,101
DA:216,1
DA:217,4
DA:218,4
DA:219,4
DA:220,4
DA:221,4
DA:222,4
DA:223,4
DA:224,4
DA:225,1
DA:226,4
DA:227,4
DA:228,4
DA:229,4
DA:230,4
DA:231,4
DA:232,4
DA:233,4
DA:234,4
DA:235,4
DA:236,4
DA:237,4
DA:238,4
DA:239,4
DA:240,4
DA:241,4
DA:242,4
DA:243,4
DA:244,4
DA:245,4
DA:246,4
DA:247,4
DA:248,4
DA:249,4
DA:250,4
DA:251,4
DA:252,4
DA:253,4
DA:254,4
DA:255,4
DA:256,4
DA:257,4
DA:258,4
DA:259,4
DA:260,4
DA:261,4
DA:262,4
DA:263,4
DA:264,4
DA:265,4
DA:266,4
DA:267,4
DA:268,4
DA:269,4
DA:270,4
DA:271,4
DA:272,4
DA:273,4
DA:274,4
DA:275,4
DA:276,4
DA:277,4
DA:278,1
DA:279,1122
DA:280,1122
DA:281,1116
DA:282,1116
DA:283,1116
DA:284,1116
DA:285,1116
DA:286,1116
DA:287,1116
DA:288,1116
DA:289,1116
DA:290,1116
DA:291,6
DA:292,6
DA:293,6
DA:294,6
DA:295,6
DA:296,6
DA:297,6
DA:298,1122
DA:299,1
DA:300,13
DA:301,13
DA:302,13
DA:303,1
DA:304,13
DA:305,13
DA:306,13
DA:307,13
DA:308,13
DA:309,13
DA:310,1
DA:311,6
DA:312,6
DA:313,6
DA:314,6
DA:315,6
DA:316,0
DA:317,0
DA:318,0
DA:319,6
DA:320,6
DA:321,6
DA:322,6
DA:323,6
DA:324,1
DA:325,6
DA:326,6
DA:327,6
DA:328,6
DA:329,6
DA:330,1
DA:331,19
DA:332,19
DA:333,0
DA:334,0
DA:335,19
DA:336,19
DA:337,19
DA:338,19
DA:339,17
DA:340,19
DA:341,19
DA:342,1
DA:343,68
DA:344,68
DA:345,68
DA:346,68
DA:347,1
DA:348,26
DA:349,26
DA:350,26
DA:351,26
DA:352,26
DA:353,26
DA:354,1
DA:355,66
DA:356,66
DA:357,66
DA:358,66
DA:359,66
DA:360,66
DA:361,66
DA:362,1
DA:363,1114
DA:364,1114
DA:365,1114
DA:366,1
DA:367,1108
DA:368,1108
DA:369,2
DA:370,2
DA:371,1106
DA:372,1106
DA:373,1108
DA:374,1
DA:375,1
DA:376,1
DA:377,1
DA:378,1
DA:379,1
DA:380,1
DA:381,1
DA:382,10
DA:383,10
DA:384,10
DA:385,1
DA:386,1
DA:387,1
DA:388,0
DA:389,0
DA:390,0
DA:391,1
DA:392,70
DA:393,70
DA:394,70
DA:395,70
DA:396,70
DA:397,70
DA:398,70
DA:399,0
DA:400,0
DA:401,70
DA:402,1
DA:403,3
DA:404,3
DA:405,3
DA:406,3
DA:407,1
DA:408,54
DA:409,54
DA:410,54
DA:411,54
DA:412,1
DA:413,27
DA:414,27
DA:415,27
DA:416,27
DA:417,27
DA:418,27
DA:419,1
DA:420,15
DA:421,15
DA:422,15
DA:423,1
DA:424,1766
DA:425,1766
DA:426,1766
DA:427,1766
DA:428,1766
DA:429,1766
DA:430,1766
DA:431,1766
DA:432,1
DA:433,6
DA:434,6
DA:435,6
DA:436,6
DA:437,6
DA:438,1
DA:439,2
DA:440,2
DA:441,2
DA:442,2
DA:443,1
DA:444,6
DA:445,6
DA:446,6
DA:447,6
DA:448,6
DA:449,6
DA:450,6
DA:451,6
DA:452,6
DA:453,1
DA:454,4
DA:455,4
DA:456,4
DA:457,4
DA:458,4
DA:459,4
DA:460,4
DA:461,4
DA:462,3
DA:463,3
DA:464,4
DA:465,4
DA:466,4
LH:451
LF:466
end_of_record
SF:unittests.js
FN:19,anonymous_0
FN:22,anonymous_1
FN:25,anonymous_2
FN:28,anonymous_3
FN:31,anonymous_4
FN:34,anonymous_5
FN:41,anonymous_6
FN:48,anonymous_7
FN:51,anonymous_8
FN:56,anonymous_9
FN:59,anonymous_10
FN:62,anonymous_11
FN:65,anonymous_12
FN:68,anonymous_13
FN:71,anonymous_14
FN:75,anonymous_15
FN:80,anonymous_16
FN:84,method
FN:87,method
FN:94,anonymous_19
FN:98,anonymous_20
FN:102,anonymous_21
FN:106,anonymous_22
FN:109,anonymous_23
FN:113,anonymous_24
FN:117,anonymous_25
FN:121,anonymous_26
FN:125,anonymous_27
FN:128,anonymous_28
FN:131,anonymous_29
FN:134,anonymous_30
FN:139,anonymous_31
FN:144,anonymous_32
FN:148,anonymous_33
FN:155,anonymous_34
FN:159,anonymous_35
FN:166,anonymous_36
FN:182,anonymous_37
FN:198,anonymous_38
FN:209,anonymous_39
FN:217,anonymous_40
FN:221,anonymous_41
FN:225,anonymous_42
FN:228,anonymous_43
FN:232,anonymous_44
FN:236,anonymous_45
FN:242,anonymous_46
FN:245,anonymous_47
FN:246,anonymous_48
FN:248,anonymous_49
FN:250,anonymous_50
FN:254,anonymous_51
FN:257,anonymous_52
FN:262,anonymous_53
FN:267,anonymous_54
FN:273,anonymous_55
FN:281,anonymous_56
FN:282,anonymous_57
FN:283,anonymous_58
FN:294,anonymous_59
FN:300,anonymous_60
FN:307,anonymous_61
FN:314,anonymous_62
FN:320,anonymous_63
FN:324,anonymous_64
FN:329,anonymous_65
FN:334,anonymous_66
FN:341,anonymous_67
FN:342,anonymous_68
FN:350,anonymous_69
FN:362,anonymous_70
FN:363,anonymous_71
FN:366,anonymous_72
FN:370,anonymous_73
FN:374,anonymous_74
FN:378,anonymous_75
FN:384,anonymous_76
FN:388,anonymous_77
FN:392,anonymous_78
FN:397,anonymous_79
FN:402,anonymous_80
FN:411,anonymous_81
FN:417,anonymous_82
FN:423,anonymous_83
FN:429,anonymous_84
FN:434,anonymous_85
FN:440,anonymous_86
FN:446,anonymous_87
FN:452,anonymous_88
FN:456,anonymous_89
FN:462,anonymous_90
FN:463,anonymous_91
FN:466,anonymous_92
FN:469,anonymous_93
FN:472,anonymous_94
FN:475,anonymous_95
FN:478,anonymous_96
FN:481,anonymous_97
FN:484,anonymous_98
FN:489,anonymous_99
FN:490,anonymous_100
FN:516,anonymous_101
FN:544,anonymous_102
FN:545,anonymous_103
FN:550,anonymous_104
FN:556,anonymous_105
FN:561,anonymous_106
FN:567,anonymous_107
FN:572,anonymous_108
FN:573,anonymous_109
FN:577,anonymous_110
FN:582,anonymous_111
FN:586,anonymous_112
FN:590,anonymous_113
FN:594,anonymous_114
FN:599,anonymous_115
FN:604,anonymous_116
FN:609,anonymous_117
FN:615,anonymous_118
FN:621,anonymous_119
FN:624,anonymous_120
FN:627,anonymous_121
FN:630,anonymous_122
FN:633,anonymous_123
FN:636,anonymous_124
FN:639,anonymous_125
FN:642,anonymous_126
FN:646,anonymous_127
FN:652,anonymous_128
FN:657,anonymous_129
FN:662,anonymous_130
FN:667,anonymous_131
FN:670,anonymous_132
FN:673,anonymous_133
FN:676,anonymous_134
FN:679,anonymous_135
FN:692,anonymous_136
FN:696,anonymous_137
FN:700,anonymous_138
FN:704,anonymous_139
FN:710,anonymous_140
FN:716,anonymous_141
FN:722,anonymous_142
FN:725,anonymous_143
FN:728,anonymous_144
FN:731,anonymous_145
FN:737,anonymous_146
FN:741,anonymous_147
FN:746,anonymous_148
FN:759,anonymous_149
FN:772,anonymous_150
FN:777,anonymous_151
FN:781,anonymous_152
FN:784,anonymous_153
FN:787,anonymous_154
FN:791,anonymous_155
FN:795,anonymous_156
FN:799,anonymous_157
FN:803,anonymous_158
FN:810,anonymous_159
FN:811,anonymous_160
FN:812,anonymous_161
FN:817,anonymous_162
FN:823,anonymous_163
FN:830,anonymous_164
FN:837,anonymous_165
FN:842,anonymous_166
FN:847,anonymous_167
FN:852,anonymous_168
FN:857,anonymous_169
FN:862,anonymous_170
FN:867,anonymous_171
FN:872,anonymous_172
FN:877,anonymous_173
FN:882,anonymous_174
FN:889,anonymous_175
FN:891,anonymous_176
FN:894,anonymous_177
FN:898,anonymous_178
FN:902,anonymous_179
FN:906,anonymous_180
FN:909,anonymous_181
FN:913,anonymous_182
FN:917,anonymous_183
FN:921,anonymous_184
FN:925,anonymous_185
FN:930,anonymous_186
FN:932,anonymous_187
FN:936,anonymous_188
FN:940,anonymous_189
FN:944,anonymous_190
FN:948,anonymous_191
FN:952,anonymous_192
FN:956,anonymous_193
FN:960,anonymous_194
FN:964,anonymous_195
FN:968,anonymous_196
FN:972,anonymous_197
FN:976,anonymous_198
FN:979,anonymous_199
FN:982,anonymous_200
FN:986,anonymous_201
FN:990,anonymous_202
FN:993,anonymous_203
FN:996,anonymous_204
FN:999,anonymous_205
FN:1002,anonymous_206
FN:1005,anonymous_207
FN:1010,anonymous_208
FN:1011,anonymous_209
FN:1018,anonymous_210
FN:1025,anonymous_211
FN:1030,anonymous_212
FN:1036,anonymous_213
FN:1041,anonymous_214
FN:1047,anonymous_215
FN:1064,anonymous_216
FN:1065,getTestDate
FN:1066,anonymous_218
FN:1067,anonymous_219
FN:1073,anonymous_220
FN:1079,anonymous_221
FN:1088,anonymous_222
FN:1097,anonymous_223
FN:1103,anonymous_224
FN:1113,anonymous_225
FN:1114,anonymous_226
FN:1119,anonymous_227
FN:1123,anonymous_228
FN:1128,anonymous_229
FN:1129,anonymous_230
FN:1135,anonymous_231
FN:1143,anonymous_232
FN:1151,anonymous_233
FN:1161,setUpTestForInfoExtension
FNDA:1,anonymous_0
FNDA:1,anonymous_1
FNDA:1,anonymous_2
FNDA:1,anonymous_3
FNDA:1,anonymous_4
FNDA:1,anonymous_5
FNDA:1,anonymous_6
FNDA:1,anonymous_7
FNDA:1,anonymous_8
FNDA:1,anonymous_9
FNDA:1,anonymous_10
FNDA:1,anonymous_11
FNDA:1,anonymous_12
FNDA:1,anonymous_13
FNDA:1,anonymous_14
FNDA:1,anonymous_15
FNDA:1,anonymous_16
FNDA:1,method
FNDA:2,method
FNDA:1,anonymous_19
FNDA:1,anonymous_20
FNDA:1,anonymous_21
FNDA:1,anonymous_22
FNDA:1,anonymous_23
FNDA:1,anonymous_24
FNDA:1,anonymous_25
FNDA:1,anonymous_26
FNDA:1,anonymous_27
FNDA:1,anonymous_28
FNDA:1,anonymous_29
FNDA:1,anonymous_30
FNDA:1,anonymous_31
FNDA:1,anonymous_32
FNDA:1,anonymous_33
FNDA:1,anonymous_34
FNDA:1,anonymous_35
FNDA:1,anonymous_36
FNDA:1,anonymous_37
FNDA:1,anonymous_38
FNDA:1,anonymous_39
FNDA:1,anonymous_40
FNDA:1,anonymous_41
FNDA:1,anonymous_42
FNDA:1,anonymous_43
FNDA:1,anonymous_44
FNDA:1,anonymous_45
FNDA:1,anonymous_46
FNDA:9,anonymous_47
FNDA:19,anonymous_48
FNDA:55,anonymous_49
FNDA:1,anonymous_50
FNDA:1,anonymous_51
FNDA:1,anonymous_52
FNDA:1,anonymous_53
FNDA:1,anonymous_54
FNDA:1,anonymous_55
FNDA:1,anonymous_56
FNDA:1,anonymous_57
FNDA:1,anonymous_58
FNDA:1,anonymous_59
FNDA:1,anonymous_60
FNDA:1,anonymous_61
FNDA:1,anonymous_62
FNDA:1,anonymous_63
FNDA:1,anonymous_64
FNDA:1,anonymous_65
FNDA:1,anonymous_66
FNDA:1,anonymous_67
FNDA:1,anonymous_68
FNDA:1,anonymous_69
FNDA:1,anonymous_70
FNDA:1,anonymous_71
FNDA:1,anonymous_72
FNDA:1,anonymous_73
FNDA:1,anonymous_74
FNDA:1,anonymous_75
FNDA:1,anonymous_76
FNDA:1,anonymous_77
FNDA:1,anonymous_78
FNDA:1,anonymous_79
FNDA:1,anonymous_80
FNDA:1,anonymous_81
FNDA:1,anonymous_82
FNDA:1,anonymous_83
FNDA:1,anonymous_84
FNDA:1,anonymous_85
FNDA:1,anonymous_86
FNDA:1,anonymous_87
FNDA:1,anonymous_88
FNDA:1,anonymous_89
FNDA:1,anonymous_90
FNDA:1,anonymous_91
FNDA:1,anonymous_92
FNDA:1,anonymous_93
FNDA:1,anonymous_94
FNDA:1,anonymous_95
FNDA:1,anonymous_96
FNDA:1,anonymous_97
FNDA:1,anonymous_98
FNDA:1,anonymous_99
FNDA:1,anonymous_100
FNDA:1,anonymous_101
FNDA:1,anonymous_102
FNDA:1,anonymous_103
FNDA:1,anonymous_104
FNDA:1,anonymous_105
FNDA:1,anonymous_106
FNDA:1,anonymous_107
FNDA:1,anonymous_108
FNDA:1,anonymous_109
FNDA:1,anonymous_110
FNDA:1,anonymous_111
FNDA:1,anonymous_112
FNDA:1,anonymous_113
FNDA:1,anonymous_114
FNDA:1,anonymous_115
FNDA:1,anonymous_116
FNDA:1,anonymous_117
FNDA:1,anonymous_118
FNDA:1,anonymous_119
FNDA:1,anonymous_120
FNDA:1,anonymous_121
FNDA:1,anonymous_122
FNDA:1,anonymous_123
FNDA:1,anonymous_124
FNDA:1,anonymous_125
FNDA:1,anonymous_126
FNDA:1,anonymous_127
FNDA:1,anonymous_128
FNDA:1,anonymous_129
FNDA:1,anonymous_130
FNDA:1,anonymous_131
FNDA:1,anonymous_132
FNDA:1,anonymous_133
FNDA:1,anonymous_134
FNDA:1,anonymous_135
FNDA:1,anonymous_136
FNDA:1,anonymous_137
FNDA:1,anonymous_138
FNDA:1,anonymous_139
FNDA:1,anonymous_140
FNDA:1,anonymous_141
FNDA:1,anonymous_142
FNDA:1,anonymous_143
FNDA:1,anonymous_144
FNDA:1,anonymous_145
FNDA:1,anonymous_146
FNDA:1,anonymous_147
FNDA:1,anonymous_148
FNDA:1,anonymous_149
FNDA:1,anonymous_150
FNDA:1,anonymous_151
FNDA:1,anonymous_152
FNDA:1,anonymous_153
FNDA:1,anonymous_154
FNDA:1,anonymous_155
FNDA:1,anonymous_156
FNDA:1,anonymous_157
FNDA:1,anonymous_158
FNDA:1,anonymous_159
FNDA:1,anonymous_160
FNDA:1,anonymous_161
FNDA:1,anonymous_162
FNDA:1,anonymous_163
FNDA:1,anonymous_164
FNDA:1,anonymous_165
FNDA:1,anonymous_166
FNDA:1,anonymous_167
FNDA:1,anonymous_168
FNDA:1,anonymous_169
FNDA:1,anonymous_170
FNDA:1,anonymous_171
FNDA:1,anonymous_172
FNDA:1,anonymous_173
FNDA:1,anonymous_174
FNDA:1,anonymous_175
FNDA:1,anonymous_176
FNDA:1,anonymous_177
FNDA:1,anonymous_178
FNDA:1,anonymous_179
FNDA:1,anonymous_180
FNDA:1,anonymous_181
FNDA:1,anonymous_182
FNDA:1,anonymous_183
FNDA:1,anonymous_184
FNDA:1,anonymous_185
FNDA:1,anonymous_186
FNDA:1,anonymous_187
FNDA:1,anonymous_188
FNDA:1,anonymous_189
FNDA:1,anonymous_190
FNDA:1,anonymous_191
FNDA:1,anonymous_192
FNDA:1,anonymous_193
FNDA:1,anonymous_194
FNDA:1,anonymous_195
FNDA:1,anonymous_196
FNDA:1,anonymous_197
FNDA:1,anonymous_198
FNDA:1,anonymous_199
FNDA:1,anonymous_200
FNDA:1,anonymous_201
FNDA:1,anonymous_202
FNDA:1,anonymous_203
FNDA:1,anonymous_204
FNDA:1,anonymous_205
FNDA:1,anonymous_206
FNDA:1,anonymous_207
FNDA:1,anonymous_208
FNDA:1,anonymous_209
FNDA:1,anonymous_210
FNDA:1,anonymous_211
FNDA:1,anonymous_212
FNDA:1,anonymous_213
FNDA:1,anonymous_214
FNDA:1,anonymous_215
FNDA:1,anonymous_216
FNDA:12,getTestDate
FNDA:1,anonymous_218
FNDA:1,anonymous_219
FNDA:1,anonymous_220
FNDA:1,anonymous_221
FNDA:1,anonymous_222
FNDA:1,anonymous_223
FNDA:1,anonymous_224
FNDA:1,anonymous_225
FNDA:1,anonymous_226
FNDA:1,anonymous_227
FNDA:1,anonymous_228
FNDA:1,anonymous_229
FNDA:1,anonymous_230
FNDA:1,anonymous_231
FNDA:1,anonymous_232
FNDA:1,anonymous_233
FNDA:1,setUpTestForInfoExtension
FNF:235
FNH:235
BRDA:1,0,0,1
BRDA:19,1,0,1
BRDA:22,2,0,1
BRDA:25,3,0,1
BRDA:28,4,0,1
BRDA:31,5,0,1
BRDA:34,6,0,1
BRDA:41,7,0,1
BRDA:48,8,0,1
BRDA:51,9,0,1
BRDA:56,10,0,1
BRDA:59,11,0,1
BRDA:62,12,0,1
BRDA:65,13,0,1
BRDA:68,14,0,1
BRDA:71,15,0,1
BRDA:75,16,0,1
BRDA:80,17,0,1
BRDA:84,18,0,1
BRDA:87,19,0,2
BRDA:89,20,0,1
BRDA:89,21,0,1
BRDA:90,22,0,1
BRDA:90,23,0,1
BRDA:94,24,0,1
BRDA:98,25,0,1
BRDA:102,26,0,1
BRDA:106,27,0,1
BRDA:109,28,0,1
BRDA:113,29,0,1
BRDA:117,30,0,1
BRDA:121,31,0,1
BRDA:125,32,0,1
BRDA:128,33,0,1
BRDA:131,34,0,1
BRDA:134,35,0,1
BRDA:139,36,0,1
BRDA:144,37,0,1
BRDA:148,38,0,1
BRDA:155,39,0,1
BRDA:159,40,0,1
BRDA:166,41,0,1
BRDA:182,42,0,1
BRDA:198,43,0,1
BRDA:209,44,0,1
BRDA:217,45,0,1
BRDA:221,46,0,1
BRDA:225,47,0,1
BRDA:228,48,0,1
BRDA:232,49,0,1
BRDA:236,50,0,1
BRDA:242,51,0,1
BRDA:245,52,0,9
BRDA:246,53,0,19
BRDA:248,54,0,55
BRDA:250,55,0,1
BRDA:254,56,0,1
BRDA:257,57,0,1
BRDA:262,58,0,1
BRDA:267,59,0,1
BRDA:273,60,0,1
BRDA:281,61,0,1
BRDA:282,62,0,1
BRDA:283,63,0,1
BRDA:294,64,0,1
BRDA:300,65,0,1
BRDA:307,66,0,1
BRDA:314,67,0,1
BRDA:320,68,0,1
BRDA:324,69,0,1
BRDA:329,70,0,1
BRDA:334,71,0,1
BRDA:341,72,0,1
BRDA:342,73,0,1
BRDA:345,74,0,0
BRDA:350,75,0,1
BRDA:353,76,0,0
BRDA:362,77,0,1
BRDA:363,78,0,1
BRDA:366,79,0,1
BRDA:370,80,0,1
BRDA:374,81,0,1
BRDA:378,82,0,1
BRDA:384,83,0,1
BRDA:388,84,0,1
BRDA:392,85,0,1
BRDA:397,86,0,1
BRDA:402,87,0,1
BRDA:411,88,0,1
BRDA:417,89,0,1
BRDA:423,90,0,1
BRDA:429,91,0,1
BRDA:434,92,0,1
BRDA:440,93,0,1
BRDA:446,94,0,1
BRDA:452,95,0,1
BRDA:456,96,0,1
BRDA:462,97,0,1
BRDA:463,98,0,1
BRDA:466,99,0,1
BRDA:469,100,0,1
BRDA:472,101,0,1
BRDA:475,102,0,1
BRDA:478,103,0,1
BRDA:481,104,0,1
BRDA:484,105,0,1
BRDA:489,106,0,1
BRDA:490,107,0,1
BRDA:516,108,0,1
BRDA:544,109,0,1
BRDA:545,110,0,1
BRDA:550,111,0,1
BRDA:556,112,0,1
BRDA:561,113,0,1
BRDA:567,114,0,1
BRDA:572,115,0,1
BRDA:573,116,0,1
BRDA:577,117,0,1
BRDA:582,118,0,1
BRDA:586,119,0,1
BRDA:590,120,0,1
BRDA:594,121,0,1
BRDA:599,122,0,1
BRDA:604,123,0,1
BRDA:609,124,0,1
BRDA:615,125,0,1
BRDA:621,126,0,1
BRDA:624,127,0,1
BRDA:627,128,0,1
BRDA:630,129,0,1
BRDA:633,130,0,1
BRDA:636,131,0,1
BRDA:639,132,0,1
BRDA:642,133,0,1
BRDA:646,134,0,1
BRDA:652,135,0,1
BRDA:657,136,0,1
BRDA:662,137,0,1
BRDA:667,138,0,1
BRDA:670,139,0,1
BRDA:673,140,0,1
BRDA:676,141,0,1
BRDA:679,142,0,1
BRDA:692,143,0,1
BRDA:696,144,0,1
BRDA:700,145,0,1
BRDA:704,146,0,1
BRDA:710,147,0,1
BRDA:716,148,0,1
BRDA:722,149,0,1
BRDA:725,150,0,1
BRDA:728,151,0,1
BRDA:731,152,0,1
BRDA:737,153,0,1
BRDA:741,154,0,1
BRDA:746,155,0,1
BRDA:759,156,0,1
BRDA:772,157,0,1
BRDA:777,158,0,1
BRDA:781,159,0,1
BRDA:784,160,0,1
BRDA:787,161,0,1
BRDA:791,162,0,1
BRDA:795,163,0,1
BRDA:799,164,0,1
BRDA:803,165,0,1
BRDA:810,166,0,1
BRDA:811,167,0,1
BRDA:812,168,0,1
BRDA:817,169,0,1
BRDA:823,170,0,1
BRDA:830,171,0,1
BRDA:837,172,0,1
BRDA:842,173,0,1
BRDA:847,174,0,1
BRDA:852,175,0,1
BRDA:857,176,0,1
BRDA:862,177,0,1
BRDA:867,178,0,1
BRDA:872,179,0,1
BRDA:877,180,0,1
BRDA:882,181,0,1
BRDA:889,182,0,1
BRDA:891,183,0,1
BRDA:894,184,0,1
BRDA:898,185,0,1
BRDA:902,186,0,1
BRDA:906,187,0,1
BRDA:909,188,0,1
BRDA:913,189,0,1
BRDA:917,190,0,1
BRDA:921,191,0,1
BRDA:925,192,0,1
BRDA:930,193,0,1
BRDA:932,194,0,1
BRDA:936,195,0,1
BRDA:940,196,0,1
BRDA:944,197,0,1
BRDA:948,198,0,1
BRDA:952,199,0,1
BRDA:956,200,0,1
BRDA:960,201,0,1
BRDA:964,202,0,1
BRDA:968,203,0,1
BRDA:972,204,0,1
BRDA:976,205,0,1
BRDA:979,206,0,1
BRDA:982,207,0,1
BRDA:986,208,0,1
BRDA:990,209,0,1
BRDA:993,210,0,1
BRDA:996,211,0,1
BRDA:999,212,0,1
BRDA:1002,213,0,1
BRDA:1005,214,0,1
BRDA:1010,215,0,1
BRDA:1011,216,0,1
BRDA:1018,217,0,1
BRDA:1025,218,0,1
BRDA:1030,219,0,1
BRDA:1036,220,0,1
BRDA:1041,221,0,1
BRDA:1047,222,0,1
BRDA:1064,223,0,1
BRDA:1065,224,0,12
BRDA:1066,225,0,1
BRDA:1067,226,0,1
BRDA:1073,227,0,1
BRDA:1079,228,0,1
BRDA:1088,229,0,1
BRDA:1097,230,0,1
BRDA:1103,231,0,1
BRDA:1113,232,0,1
BRDA:1114,233,0,1
BRDA:1119,234,0,1
BRDA:1123,235,0,1
BRDA:1128,236,0,1
BRDA:1129,237,0,1
BRDA:1135,238,0,1
BRDA:1143,239,0,1
BRDA:1151,240,0,1
BRDA:1161,241,0,1
BRF:242
BRH:240
DA:1,1
DA:2,1
DA:3,1
DA:4,1
DA:5,1
DA:6,1
DA:7,1
DA:8,1
DA:9,1
DA:10,1
DA:11,1
DA:12,1
DA:13,1
DA:14,1
DA:15,1
DA:16,1
DA:17,1
DA:18,1
DA:19,1
DA:20,1
DA:21,1
DA:22,1
DA:23,1
DA:24,1
DA:25,1
DA:26,1
DA:27,1
DA:28,1
DA:29,1
DA:30,1
DA:31,1
DA:32,1
DA:33,1
DA:34,1
DA:35,1
DA:36,1
DA:37,1
DA:38,1
DA:39,1
DA:40,1
DA:41,1
DA:42,1
DA:43,1
DA:44,1
DA:45,1
DA:46,1
DA:47,1
DA:48,1
DA:49,1
DA:50,1
DA:51,1
DA:52,1
DA:53,1
DA:54,1
DA:55,1
DA:56,1
DA:57,1
DA:58,1
DA:59,1
DA:60,1
DA:61,1
DA:62,1
DA:63,1
DA:64,1
DA:65,1
DA:66,1
DA:67,1
DA:68,1
DA:69,1
DA:70,1
DA:71,1
DA:72,1
DA:73,1
DA:74,1
DA:75,1
DA:76,1
DA:77,1
DA:78,1
DA:79,1
DA:80,1
DA:81,1
DA:82,1
DA:83,1
DA:84,1
DA:85,1
DA:86,1
DA:87,1
DA:88,2
DA:89,2
DA:90,2
DA:91,1
DA:92,1
DA:93,1
DA:94,1
DA:95,1
DA:96,1
DA:97,1
DA:98,1
DA:99,1
DA:100,1
DA:101,1
DA:102,1
DA:103,1
DA:104,1
DA:105,1
DA:106,1
DA:107,1
DA:108,1
DA:109,1
DA:110,1
DA:111,1
DA:112,1
DA:113,1
DA:114,1
DA:115,1
DA:116,1
DA:117,1
DA:118,1
DA:119,1
DA:120,1
DA:121,1
DA:122,1
DA:123,1
DA:124,1
DA:125,1
DA:126,1
DA:127,1
DA:128,1
DA:129,1
DA:130,1
DA:131,1
DA:132,1
DA:133,1
DA:134,1
DA:135,1
DA:136,1
DA:137,1
DA:138,1
DA:139,1
DA:140,1
DA:141,1
DA:142,1
DA:143,1
DA:144,1
DA:145,1
DA:146,1
DA:147,1
DA:148,1
DA:149,1
DA:150,1
DA:151,1
DA:152,1
DA:153,1
DA:154,1
DA:155,1
DA:156,1
DA:157,1
DA:158,1
DA:159,1
DA:160,1
DA:161,1
DA:162,1
DA:163,1
DA:164,1
DA:165,1
DA:166,1
DA:167,1
DA:168,1
DA:169,1
DA:170,1
DA:171,1
DA:172,1
DA:173,1
DA:174,1
DA:175,1
DA:176,1
DA:177,1
DA:178,1
DA:179,1
DA:180,1
DA:181,1
DA:182,1
DA:183,1
DA:184,1
DA:185,1
DA:186,1
DA:187,1
DA:188,1
DA:189,1
DA:190,1
DA:191,1
DA:192,1
DA:193,1
DA:194,1
DA:195,1
DA:196,1
DA:197,1
DA:198,1
DA:199,1
DA:200,1
DA:201,1
DA:202,1
DA:203,1
DA:204,1
DA:205,1
DA:206,1
DA:207,1
DA:208,1
DA:209,1
DA:210,1
DA:211,1
DA:212,1
DA:213,1
DA:214,1
DA:215,1
DA:216,1
DA:217,1
DA:218,1
DA:219,1
DA:220,1
DA:221,1
DA:222,1
DA:223,1
DA:224,1
DA:225,1
DA:226,1
DA:227,1
DA:228,1
DA:229,1
DA:230,1
DA:231,1
DA:232,1
DA:233,1
DA:234,1
DA:235,1
DA:236,1
DA:237,1
DA:238,1
DA:239,1
DA:240,1
DA:241,1
DA:242,1
DA:243,1
DA:244,1
DA:245,1
DA:246,1
DA:247,1
DA:248,1
DA:249,1
DA:250,1
DA:251,1
DA:252,1
DA:253,1
DA:254,1
DA:255,1
DA:256,1
DA:257,1
DA:258,1
DA:259,1
DA:260,1
DA:261,1
DA:262,1
DA:263,1
DA:264,1
DA:265,1
DA:266,1
DA:267,1
DA:268,1
DA:269,1
DA:270,1
DA:271,1
DA:272,1
DA:273,1
DA:274,1
DA:275,1
DA:276,1
DA:277,1
DA:278,1
DA:279,1
DA:280,1
DA:281,1
DA:282,1
DA:283,1
DA:284,1
DA:285,1
DA:286,1
DA:287,1
DA:288,1
DA:289,1
DA:290,1
DA:291,1
DA:292,1
DA:293,1
DA:294,1
DA:295,1
DA:296,1
DA:297,1
DA:298,1
DA:299,1
DA:300,1
DA:301,1
DA:302,1
DA:303,1
DA:304,1
DA:305,1
DA:306,1
DA:307,1
DA:308,1
DA:309,1
DA:310,1
DA:311,1
DA:312,1
DA:313,1
DA:314,1
DA:315,1
DA:316,1
DA:317,1
DA:318,1
DA:319,1
DA:320,1
DA:321,1
DA:322,1
DA:323,1
DA:324,1
DA:325,1
DA:326,1
DA:327,1
DA:328,1
DA:329,1
DA:330,1
DA:331,1
DA:332,1
DA:333,1
DA:334,1
DA:335,1
DA:336,1
DA:337,1
DA:338,1
DA:339,1
DA:340,1
DA:341,1
DA:342,1
DA:343,1
DA:344,1
DA:345,1
DA:346,1
DA:347,1
DA:348,1
DA:349,1
DA:350,1
DA:351,1
DA:352,1
DA:353,1
DA:354,1
DA:355,1
DA:356,1
DA:357,1
DA:358,1
DA:359,1
DA:360,1
DA:361,1
DA:362,1
DA:363,1
DA:364,1
DA:365,1
DA:366,1
DA:367,1
DA:368,1
DA:369,1
DA:370,1
DA:371,1
DA:372,1
DA:373,1
DA:374,1
DA:375,1
DA:376,1
DA:377,1
DA:378,1
DA:379,1
DA:380,1
DA:381,1
DA:382,1
DA:383,1
DA:384,1
DA:385,1
DA:386,1
DA:387,1
DA:388,1
DA:389,1
DA:390,1
DA:391,1
DA:392,1
DA:393,1
DA:394,1
DA:395,1
DA:396,1
DA:397,1
DA:398,1
DA:399,1
DA:400,1
DA:401,1
DA:402,1
DA:403,1
DA:404,1
DA:405,1
DA:406,1
DA:407,1
DA:408,1
DA:409,1
DA:410,1
DA:411,1
DA:412,1
DA:413,1
DA:414,1
DA:415,1
DA:416,1
DA:417,1
DA:418,1
DA:419,1
DA:420,1
DA:421,1
DA:422,1
DA:423,1
DA:424,1
DA:425,1
DA:426,1
DA:427,1
DA:428,1
DA:429,1
DA:430,1
DA:431,1
DA:432,1
DA:433,1
DA:434,1
DA:435,1
DA:436,1
DA:437,1
DA:438,1
DA:439,1
DA:440,1
DA:441,1
DA:442,1
DA:443,1
DA:444,1
DA:445,1
DA:446,1
DA:447,1
DA:448,1
DA:449,1
DA:450,1
DA:451,1
DA:452,1
DA:453,1
DA:454,1
DA:455,1
DA:456,1
DA:457,1
DA:458,1
DA:459,1
DA:460,1
DA:461,1
DA:462,1
DA:463,1
DA:464,1
DA:465,1
DA:466,1
DA:467,1
DA:468,1
DA:469,1
DA:470,1
DA:471,1
DA:472,1
DA:473,1
DA:474,1
DA:475,1
DA:476,1
DA:477,1
DA:478,1
DA:479,1
DA:480,1
DA:481,1
DA:482,1
DA:483,1
DA:484,1
DA:485,1
DA:486,1
DA:487,1
DA:488,1
DA:489,1
DA:490,1
DA:491,1
DA:492,1
DA:493,1
DA:494,1
DA:495,1
DA:496,1
DA:497,1
DA:498,1
DA:499,1
DA:500,1
DA:501,1
DA:502,1
DA:503,1
DA:504,1
DA:505,1
DA:506,1
DA:507,1
DA:508,1
DA:509,1
DA:510,1
DA:511,1
DA:512,1
DA:513,1
DA:514,1
DA:515,1
DA:516,1
DA:517,1
DA:518,1
DA:519,1
DA:520,1
DA:521,1
DA:522,1
DA:523,1
DA:524,1
DA:525,1
DA:526,1
DA:527,1
DA:528,1
DA:529,1
DA:530,1
DA:531,1
DA:532,1
DA:533,1
DA:534,1
DA:535,1
DA:536,1
DA:537,1
DA:538,1
DA:539,1
DA:540,1
DA:541,1
DA:542,1
DA:543,1
DA:544,1
DA:545,1
DA:546,1
DA:547,1
DA:548,1
DA:549,1
DA:550,1
DA:551,1
DA:552,1
DA:553,1
DA:554,1
DA:555,1
DA:556,1
DA:557,1
DA:558,1
DA:559,1
DA:560,1
DA:561,1
DA:562,1
DA:563,1
DA:564,1
DA:565,1
DA:566,1
DA:567,1
DA:568,1
DA:569,1
DA:570,1
DA:571,1
DA:572,1
DA:573,1
DA:574,1
DA:575,1
DA:576,1
DA:577,1
DA:578,1
DA:579,1
DA:580,1
DA:581,1
DA:582,1
DA:583,1
DA:584,1
DA:585,1
DA:586,1
DA:587,1
DA:588,1
DA:589,1
DA:590,1
DA:591,1
DA:592,1
DA:593,1
DA:594,1
DA:595,1
DA:596,1
DA:597,1
DA:598,1
DA:599,1
DA:600,1
DA:601,1
DA:602,1
DA:603,1
DA:604,1
DA:605,1
DA:606,1
DA:607,1
DA:608,1
DA:609,1
DA:610,1
DA:611,1
DA:612,1
DA:613,1
DA:614,1
DA:615,1
DA:616,1
DA:617,1
DA:618,1
DA:619,1
DA:620,1
DA:621,1
DA:622,1
DA:623,1
DA:624,1
DA:625,1
DA:626,1
DA:627,1
DA:628,1
DA:629,1
DA:630,1
DA:631,1
DA:632,1
DA:633,1
DA:634,1
DA:635,1
DA:636,1
DA:637,1
DA:638,1
DA:639,1
DA:640,1
DA:641,1
DA:642,1
DA:643,1
DA:644,1
DA:645,1
DA:646,1
DA:647,1
DA:648,1
DA:649,1
DA:650,1
DA:651,1
DA:652,1
DA:653,1
DA:654,1
DA:655,1
DA:656,1
DA:657,1
DA:658,1
DA:659,1
DA:660,1
DA:661,1
DA:662,1
DA:663,1
DA:664,1
DA:665,1
DA:666,1
DA:667,1
DA:668,1
DA:669,1
DA:670,1
DA:671,1
DA:672,1
DA:673,1
DA:674,1
DA:675,1
DA:676,1
DA:677,1
DA:678,1
DA:679,1
DA:680,1
DA:681,1
DA:682,1
DA:683,1
DA:684,1
DA:685,1
DA:686,1
DA:687,1
DA:688,1
DA:689,1
DA:690,1
DA:691,1
DA:692,1
DA:693,1
DA:694,1
DA:695,1
DA:696,1
DA:697,1
DA:698,1
DA:699,1
DA:700,1
DA:701,1
DA:702,1
DA:703,1
DA:704,1
DA:705,1
DA:706,1
DA:707,1
DA:708,1
DA:709,1
DA:710,1
DA:711,1
DA:712,1
DA:713,1
DA:714,1
DA:715,1
DA:716,1
DA:717,1
DA:718,1
DA:719,1
DA:720,1
DA:721,1
DA:722,1
DA:723,1
DA:724,1
DA:725,1
DA:726,1
DA:727,1
DA:728,1
DA:729,1
DA:730,1
DA:731,1
DA:732,1
DA:733,1
DA:734,1
DA:735,1
DA:736,1
DA:737,1
DA:738,1
DA:739,1
DA:740,1
DA:741,1
DA:742,1
DA:743,1
DA:744,1
DA:745,1
DA:746,1
DA:747,1
DA:748,1
DA:749,1
DA:750,1
DA:751,1
DA:752,1
DA:753,1
DA:754,1
DA:755,1
DA:756,1
DA:757,1
DA:758,1
DA:759,1
DA:760,1
DA:761,1
DA:762,1
DA:763,1
DA:764,1
DA:765,1
DA:766,1
DA:767,1
DA:768,1
DA:769,1
DA:770,1
DA:771,1
DA:772,1
DA:773,1
DA:774,1
DA:775,1
DA:776,1
DA:777,1
DA:778,1
DA:779,1
DA:780,1
DA:781,1
DA:782,1
DA:783,1
DA:784,1
DA:785,1
DA:786,1
DA:787,1
DA:788,1
DA:789,1
DA:790,1
DA:791,1
DA:792,1
DA:793,1
DA:794,1
DA:795,1
DA:796,1
DA:797,1
DA:798,1
DA:799,1
DA:800,1
DA:801,1
DA:802,1
DA:803,1
DA:804,1
DA:805,1
DA:806,1
DA:807,1
DA:808,1
DA:809,1
DA:810,1
DA:811,1
DA:812,1
DA:813,1
DA:814,1
DA:815,1
DA:816,1
DA:817,1
DA:818,1
DA:819,1
DA:820,1
DA:821,1
DA:822,1
DA:823,1
DA:824,1
DA:825,1
DA:826,1
DA:827,1
DA:828,1
DA:829,1
DA:830,1
DA:831,1
DA:832,1
DA:833,1
DA:834,1
DA:835,1
DA:836,1
DA:837,1
DA:838,1
DA:839,1
DA:840,1
DA:841,1
DA:842,1
DA:843,1
DA:844,1
DA:845,1
DA:846,1
DA:847,1
DA:848,1
DA:849,1
DA:850,1
DA:851,1
DA:852,1
DA:853,1
DA:854,1
DA:855,1
DA:856,1
DA:857,1
DA:858,1
DA:859,1
DA:860,1
DA:861,1
DA:862,1
DA:863,1
DA:864,1
DA:865,1
DA:866,1
DA:867,1
DA:868,1
DA:869,1
DA:870,1
DA:871,1
DA:872,1
DA:873,1
DA:874,1
DA:875,1
DA:876,1
DA:877,1
DA:878,1
DA:879,1
DA:880,1
DA:881,1
DA:882,1
DA:883,1
DA:884,1
DA:885,1
DA:886,1
DA:887,1
DA:888,1
DA:889,1
DA:890,1
DA:891,1
DA:892,1
DA:893,1
DA:894,1
DA:895,1
DA:896,1
DA:897,1
DA:898,1
DA:899,1
DA:900,1
DA:901,1
DA:902,1
DA:903,1
DA:904,1
DA:905,1
DA:906,1
DA:907,1
DA:908,1
DA:909,1
DA:910,1
DA:911,1
DA:912,1
DA:913,1
DA:914,1
DA:915,1
DA:916,1
DA:917,1
DA:918,1
DA:919,1
DA:920,1
DA:921,1
DA:922,1
DA:923,1
DA:924,1
DA:925,1
DA:926,1
DA:927,1
DA:928,1
DA:929,1
DA:930,1
DA:931,1
DA:932,1
DA:933,1
DA:934,1
DA:935,1
DA:936,1
DA:937,1
DA:938,1
DA:939,1
DA:940,1
DA:941,1
DA:942,1
DA:943,1
DA:944,1
DA:945,1
DA:946,1
DA:947,1
DA:948,1
DA:949,1
DA:950,1
DA:951,1
DA:952,1
DA:953,1
DA:954,1
DA:955,1
DA:956,1
DA:957,1
DA:958,1
DA:959,1
DA:960,1
DA:961,1
DA:962,1
DA:963,1
DA:964,1
DA:965,1
DA:966,1
DA:967,1
DA:968,1
DA:969,1
DA:970,1
DA:971,1
DA:972,1
DA:973,1
DA:974,1
DA:975,1
DA:976,1
DA:977,1
DA:978,1
DA:979,1
DA:980,1
DA:981,1
DA:982,1
DA:983,1
DA:984,1
DA:985,1
DA:986,1
DA:987,1
DA:988,1
DA:989,1
DA:990,1
DA:991,1
DA:992,1
DA:993,1
DA:994,1
DA:995,1
DA:996,1
DA:997,1
DA:998,1
DA:999,1
DA:1000,1
DA:1001,1
DA:1002,1
DA:1003,1
DA:1004,1
DA:1005,1
DA:1006,1
DA:1007,1
DA:1008,1
DA:1009,1
DA:1010,1
DA:1011,1
DA:1012,1
DA:1013,1
DA:1014,1
DA:1015,1
DA:1016,1
DA:1017,1
DA:1018,1
DA:1019,1
DA:1020,1
DA:1021,1
DA:1022,1
DA:1023,1
DA:1024,1
DA:1025,1
DA:1026,1
DA:1027,1
DA:1028,1
DA:1029,1
DA:1030,1
DA:1031,1
DA:1032,1
DA:1033,1
DA:1034,1
DA:1035,1
DA:1036,1
DA:1037,1
DA:1038,1
DA:1039,1
DA:1040,1
DA:1041,1
DA:1042,1
DA:1043,1
DA:1044,1
DA:1045,1
DA:1046,1
DA:1047,1
DA:1048,1
DA:1049,1
DA:1050,1
DA:1051,1
DA:1052,1
DA:1053,1
DA:1054,1
DA:1055,1
DA:1056,1
DA:1057,1
DA:1058,1
DA:1059,1
DA:1060,1
DA:1061,1
DA:1062,1
DA:1063,1
DA:1064,1
DA:1065,1
DA:1066,1
DA:1067,1
DA:1068,1
DA:1069,1
DA:1070,1
DA:1071,1
DA:1072,1
DA:1073,1
DA:1074,1
DA:1075,1
DA:1076,1
DA:1077,1
DA:1078,1
DA:1079,1
DA:1080,1
DA:1081,1
DA:1082,1
DA:1083,1
DA:1084,1
DA:1085,1
DA:1086,1
DA:1087,1
DA:1088,1
DA:1089,1
DA:1090,1
DA:1091,1
DA:1092,1
DA:1093,1
DA:1094,1
DA:1095,1
DA:1096,1
DA:1097,1
DA:1098,1
DA:1099,1
DA:1100,1
DA:1101,1
DA:1102,1
DA:1103,1
DA:1104,1
DA:1105,1
DA:1106,1
DA:1107,1
DA:1108,1
DA:1109,1
DA:1110,1
DA:1111,1
DA:1112,1
DA:1113,1
DA:1114,1
DA:1115,1
DA:1116,1
DA:1117,1
DA:1118,1
DA:1119,1
DA:1120,1
DA:1121,1
DA:1122,1
DA:1123,1
DA:1124,1
DA:1125,1
DA:1126,1
DA:1127,1
DA:1128,1
DA:1129,1
DA:1130,1
DA:1131,1
DA:1132,1
DA:1133,1
DA:1134,1
DA:1135,1
DA:1136,1
DA:1137,1
DA:1138,1
DA:1139,1
DA:1140,1
DA:1141,1
DA:1142,1
DA:1143,1
DA:1144,1
DA:1145,1
DA:1146,1
DA:1147,1
DA:1148,1
DA:1149,1
DA:1150,1
DA:1151,1
DA:1152,1
DA:1153,1
DA:1154,1
DA:1155,1
DA:1156,1
DA:1157,1
DA:1158,1
DA:1159,1
DA:1160,1
DA:1161,1
DA:1162,1
DA:1163,1
DA:1164,1
DA:1165,1
DA:1166,1
DA:1167,1
DA:1168,1
DA:1169,1
DA:1170,1
DA:1171,1
DA:1172,1
DA:1173,1
DA:1174,1
DA:1175,1
DA:1176,1
DA:1177,1
DA:1178,1
DA:1179,1
DA:1180,1
DA:1181,1
DA:1182,1
DA:1183,1
DA:1184,1
DA:1185,1
DA:1186,1
DA:1187,1
DA:1188,1
DA:1189,1
DA:1190,1
DA:1191,1
DA:1192,1
DA:1193,1
DA:1194,1
DA:1195,1
DA:1196,1
DA:1197,1
DA:1198,1
DA:1199,1
DA:1200,1
DA:1201,1
DA:1202,1
DA:1203,1
DA:1204,1
DA:1205,1
DA:1206,1
DA:1207,1
DA:1208,1
DA:1209,1
DA:1210,1
DA:1211,1
DA:1212,1
DA:1213,1
DA:1214,1
DA:1215,1
DA:1216,1
DA:1217,1
DA:1218,1
DA:1219,1
DA:1220,1
DA:1221,1
DA:1222,1
DA:1223,1
DA:1224,1
DA:1225,1
DA:1226,1
DA:1227,1
DA:1228,1
DA:1229,1
DA:1230,1
DA:1231,1
DA:1232,1
DA:1233,1
DA:1234,1
DA:1235,1
DA:1236,1
DA:1237,1
DA:1238,1
DA:1239,1
DA:1240,1
DA:1241,1
DA:1242,1
DA:1243,1
DA:1244,1
DA:1245,1
DA:1246,1
DA:1247,1
DA:1248,1
DA:1249,1
DA:1250,1
DA:1251,1
DA:1252,1
DA:1253,1
DA:1254,1
DA:1255,1
DA:1256,1
DA:1257,1
DA:1258,1
DA:1259,1
DA:1260,1
DA:1261,1
DA:1262,1
DA:1263,1
LH:1263
LF:1263
end_of_record
